<?xml version="1.0" encoding="UTF-8"?>
<robot generator="Robot 7.0 (Python 3.12.3 on win32)" generated="2024-11-04T17:44:51.972906" rpa="false" schemaversion="5">
<suite id="s1" name="Tests" source="C:\Teste Growth Machine\tests">
<suite id="s1-s1" name="Atividade Specs" source="C:\Teste Growth Machine\tests\atividade_specs.robot">
<test id="s1-s1-t1" name="Criar modelo de atividade do tipo PESQUISA" line="11">
<kw name="Start session" owner="base" type="SETUP">
<kw name="New Browser" owner="Browser">
<msg time="2024-11-04T17:44:53.181739" level="INFO">{"browser": "chromium", "headless": true, "chromiumSandbox": false, "devtools": false, "handleSIGHUP": true, "handleSIGINT": true, "handleSIGTERM": true, "slowMo": 0.0, "timeout": 30000.0, "tracesDir": "C:\\Teste Growth Machine\\logs\\browser\\traces\\ec88a9a6-2a86-4a41-b8c7-255079013dce"}</msg>
<msg time="2024-11-04T17:44:53.350749" level="INFO">Successfully created browser with options: {"browser":"chromium","headless":true,"chromiumSandbox":false,"devtools":false,"handleSIGHUP":true,"handleSIGINT":true,"handleSIGTERM":true,"slowMo":0,"timeout":30000,"tracesDir":"C:\\Teste Growth Machine\\logs\\browser\\traces\\ec88a9a6-2a86-4a41-b8c7-255079013dce"}</msg>
<arg>browser=${BROWSER}</arg>
<arg>headless=${IS_HEADLESS}</arg>
<tag>BrowserControl</tag>
<tag>Setter</tag>
<doc>Create a new playwright Browser with specified options.</doc>
<status status="PASS" start="2024-11-04T17:44:53.180731" elapsed="0.171022"/>
</kw>
<kw name="New Page" owner="Browser">
<msg time="2024-11-04T17:44:54.216377" level="INFO">Successfully initialized new page object and opened url: https://growth-station-client-git-junk-teste-qa-growthmachine.vercel.app/login</msg>
<msg time="2024-11-04T17:44:54.216377" level="INFO">No context was open. New context was automatically opened when this page is created.</msg>
<arg>${BASE_URL}</arg>
<tag>BrowserControl</tag>
<tag>Setter</tag>
<doc>Open a new Page.</doc>
<status status="PASS" start="2024-11-04T17:44:53.351753" elapsed="0.864624"/>
</kw>
<doc>Abre o navegador e vai para o endereço indicado</doc>
<status status="PASS" start="2024-11-04T17:44:53.180731" elapsed="1.035646"/>
</kw>
<kw name="Enviar formulário de login" owner="LoginPage">
<kw name="Fill Text" owner="Browser">
<msg time="2024-11-04T17:44:54.218370" level="INFO">Fills the text 'alan_nichols_717@growthmachine.com.br' in the given field.</msg>
<arg>${LOGIN_PAGE_INPUT_EMAIL}</arg>
<arg>${email}</arg>
<tag>PageContent</tag>
<tag>Setter</tag>
<doc>Clears and fills the given ``txt`` into the text field found by ``selector``.</doc>
<status status="PASS" start="2024-11-04T17:44:54.217378" elapsed="0.054665"/>
</kw>
<kw name="Fill Text" owner="Browser">
<msg time="2024-11-04T17:44:54.273082" level="INFO">Fills the text 'senha123' in the given field.</msg>
<arg>${LOGIN_PAGE_INPUT_SENHA}</arg>
<arg>${password}</arg>
<tag>PageContent</tag>
<tag>Setter</tag>
<doc>Clears and fills the given ``txt`` into the text field found by ``selector``.</doc>
<status status="PASS" start="2024-11-04T17:44:54.273082" elapsed="0.021970"/>
</kw>
<kw name="Click" owner="Browser">
<msg time="2024-11-04T17:44:54.296054" level="INFO">Clicks the element 'xpath=//button[contains(.,'Entrar')]'.</msg>
<arg>${LOGIN_PAGE_BUTTON_ENTRAR}</arg>
<tag>PageContent</tag>
<tag>Setter</tag>
<doc>Simulates mouse click on the element found by ``selector``.</doc>
<status status="PASS" start="2024-11-04T17:44:54.295052" elapsed="0.069219"/>
</kw>
<doc>Preenche o email, a senha e faz login</doc>
<status status="PASS" start="2024-11-04T17:44:54.217378" elapsed="0.147897"/>
</kw>
<kw name="Acessar formulário de cadastro de atividade" owner="BancoAtividadePage">
<kw name="Click" owner="Browser">
<msg time="2024-11-04T17:44:54.366321" level="INFO">Clicks the element 'css=button[data-testid='create-task-btn']'.</msg>
<arg>${BANCO_ATIVIDADE_PAGE_BUTTON_CRIAR_ATIVIDADE}</arg>
<tag>PageContent</tag>
<tag>Setter</tag>
<doc>Simulates mouse click on the element found by ``selector``.</doc>
<status status="PASS" start="2024-11-04T17:44:54.366321" elapsed="1.467578"/>
</kw>
<doc>Acessa o fomulário de cadastro de atividade</doc>
<status status="PASS" start="2024-11-04T17:44:54.366321" elapsed="1.467578"/>
</kw>
<kw name="Selecionar tipo de atividade" owner="BancoAtividadePage">
<kw name="Click" owner="Browser">
<msg time="2024-11-04T17:44:55.834898" level="INFO">Clicks the element 'xpath=//div[@type='button' and @data-testid='task-type-select']'.</msg>
<arg>${BANCO_ATIVIDADE_PAGE_COMBO_SELECIONAR_ATIVIDADE}</arg>
<tag>PageContent</tag>
<tag>Setter</tag>
<doc>Simulates mouse click on the element found by ``selector``.</doc>
<status status="PASS" start="2024-11-04T17:44:55.834898" elapsed="0.394511"/>
</kw>
<kw name="Click" owner="Browser">
<msg time="2024-11-04T17:44:56.229409" level="INFO">Clicks the element 'xpath=//div[@role='menuitem'][contains(.,'Pesquisa')]'.</msg>
<arg>xpath=//div[@role='menuitem'][contains(.,'${tipo_atividade}')]</arg>
<tag>PageContent</tag>
<tag>Setter</tag>
<doc>Simulates mouse click on the element found by ``selector``.</doc>
<status status="PASS" start="2024-11-04T17:44:56.229409" elapsed="0.333638"/>
</kw>
<kw name="Wait For Elements State" owner="Browser">
<msg time="2024-11-04T17:44:56.627558" level="INFO">Waited for Element with selector xpath=//div[@data-testid='task-type-select'][contains(.,'Pesquisa')] at state stable</msg>
<arg>xpath=//div[@data-testid='task-type-select'][contains(.,'${tipo_atividade}')]</arg>
<arg>stable</arg>
<tag>PageContent</tag>
<tag>Wait</tag>
<doc>Waits for the element found by ``selector`` to satisfy state option.</doc>
<status status="PASS" start="2024-11-04T17:44:56.563047" elapsed="0.064511"/>
</kw>
<arg>Pesquisa</arg>
<doc>Seleciona o tipo de atividade no formulário de cadastro de atividade</doc>
<status status="PASS" start="2024-11-04T17:44:55.834898" elapsed="0.792660"/>
</kw>
<kw name="Preencher nome da atividade" owner="BancoAtividadePage">
<kw name="Text" owner="FakerLibrary">
<msg time="2024-11-04T17:44:56.629565" level="INFO">${nome_atividade} = Those wait factor.</msg>
<var>${nome_atividade}</var>
<arg>${quantidade_caracteres}</arg>
<doc>Generate a text string.</doc>
<status status="PASS" start="2024-11-04T17:44:56.628557" elapsed="0.001008"/>
</kw>
<kw name="Set Test Variable" owner="BuiltIn">
<msg time="2024-11-04T17:44:56.629565" level="INFO">${nome_atividade} = Those wait factor.</msg>
<arg>${nome_atividade}</arg>
<doc>Makes a variable available everywhere within the scope of the current test.</doc>
<status status="PASS" start="2024-11-04T17:44:56.629565" elapsed="0.000000"/>
</kw>
<kw name="Fill Text" owner="Browser">
<msg time="2024-11-04T17:44:56.629565" level="INFO">Fills the text 'Those wait factor.' in the given field.</msg>
<arg>${BANCO_ATIVIDADE_PAGE_INPUT_NOME_ATIVIDADE}</arg>
<arg>${nome_atividade}</arg>
<tag>PageContent</tag>
<tag>Setter</tag>
<doc>Clears and fills the given ``txt`` into the text field found by ``selector``.</doc>
<status status="PASS" start="2024-11-04T17:44:56.629565" elapsed="0.019996"/>
</kw>
<arg>20</arg>
<doc>Preenche o nome da atividade no formulário de cadastro de atividade</doc>
<status status="PASS" start="2024-11-04T17:44:56.628557" elapsed="0.021004"/>
</kw>
<kw name="Preencher descrição da atividade" owner="BancoAtividadePage">
<kw name="Text" owner="FakerLibrary">
<msg time="2024-11-04T17:44:56.651562" level="INFO">${descricao_atividade} = Road century throughout. Wonder police travel accept. Part energy little happy drug already collection.
Case their culture be. Notice well thought place.
Big from decision may away pick. Exist their f...</msg>
<var>${descricao_atividade}</var>
<arg>${quantidade_caracteres}</arg>
<doc>Generate a text string.</doc>
<status status="PASS" start="2024-11-04T17:44:56.650597" elapsed="0.000965"/>
</kw>
<kw name="Set Test Variable" owner="BuiltIn">
<msg time="2024-11-04T17:44:56.651562" level="INFO">${descricao_atividade} = Road century throughout. Wonder police travel accept. Part energy little happy drug already collection.
Case their culture be. Notice well thought place.
Big from decision may away pick. Exist their f...</msg>
<arg>${descricao_atividade}</arg>
<doc>Makes a variable available everywhere within the scope of the current test.</doc>
<status status="PASS" start="2024-11-04T17:44:56.651562" elapsed="0.000000"/>
</kw>
<kw name="Fill Text" owner="Browser">
<msg time="2024-11-04T17:44:56.652560" level="INFO">Fills the text 'Road century throughout. Wonder police travel accept. Part energy little happy drug already collection.
Case their culture be. Notice well thought place.
Big from decision may away pick. Exist their fly great concern step.
Her capital from decision movement thing. Plan drive cold. Close best action ago.
Tough finally outside sea everything effect. Third sometimes democratic result maintain level table. Husband wall door record wife easy.' in the given field.</msg>
<arg>${BANCO_ATIVIDADE_PAGE_INPUT_DESCRICAO_ATIVIDADE}</arg>
<arg>${descricao_atividade}</arg>
<tag>PageContent</tag>
<tag>Setter</tag>
<doc>Clears and fills the given ``txt`` into the text field found by ``selector``.</doc>
<status status="PASS" start="2024-11-04T17:44:56.651562" elapsed="0.052084"/>
</kw>
<doc>Preenche a descrição da atividade no formulário de cadastro de atividade</doc>
<status status="PASS" start="2024-11-04T17:44:56.650597" elapsed="0.054047"/>
</kw>
<kw name="Salvar atividade" owner="BancoAtividadePage">
<kw name="Click" owner="Browser">
<msg time="2024-11-04T17:44:56.705662" level="INFO">Clicks the element 'css=button[type='submit']'.</msg>
<arg>${BANCO_ATIVIDADDE_PAGE_BUTTON_SALVAR}</arg>
<tag>PageContent</tag>
<tag>Setter</tag>
<doc>Simulates mouse click on the element found by ``selector``.</doc>
<status status="PASS" start="2024-11-04T17:44:56.705662" elapsed="0.068980"/>
</kw>
<doc>Clica no botão "Salvar" do formulário de cadastro de atividade</doc>
<status status="PASS" start="2024-11-04T17:44:56.704644" elapsed="0.069998"/>
</kw>
<kw name="Exibir tipo e nome da atividade" owner="BancoAtividadePage">
<kw name="Wait For Elements State" owner="Browser">
<msg time="2024-11-04T17:44:57.096181" level="INFO">Waited for Element with selector xpath=//p[@title='Those wait factor.']//span[text()='Pesquisa'] at state visible</msg>
<arg>xpath=//p[@title='${nome_atividade}']//span[text()='${tipo_atividade}']</arg>
<arg>visible</arg>
<tag>PageContent</tag>
<tag>Wait</tag>
<doc>Waits for the element found by ``selector`` to satisfy state option.</doc>
<status status="PASS" start="2024-11-04T17:44:56.775641" elapsed="0.320540"/>
</kw>
<arg>Pesquisa</arg>
<arg>${nome_atividade}</arg>
<doc>Garante a exibição do tipo de atividade na home page</doc>
<status status="PASS" start="2024-11-04T17:44:56.774642" elapsed="0.321539"/>
</kw>
<kw name="Abrir menu dropdown de opções" owner="BancoAtividadePage">
<kw name="Click" owner="Browser">
<msg time="2024-11-04T17:44:57.097183" level="INFO">Clicks the element 'xpath=//p[@title='Those wait factor.']/../../..//button[@data-testid='task-list-item-dropdown-trigger']'.</msg>
<arg>xpath=//p[@title='${nome_atividade}']/../../..//button[@data-testid='task-list-item-dropdown-trigger']</arg>
<tag>PageContent</tag>
<tag>Setter</tag>
<doc>Simulates mouse click on the element found by ``selector``.</doc>
<status status="PASS" start="2024-11-04T17:44:57.097183" elapsed="0.236675"/>
</kw>
<arg>${nome_atividade}</arg>
<doc>Abre o menu dropdown de opções</doc>
<status status="PASS" start="2024-11-04T17:44:57.097183" elapsed="0.236675"/>
</kw>
<kw name="Excluir atividade criada" owner="BancoAtividadePage">
<kw name="Click" owner="Browser">
<msg time="2024-11-04T17:44:57.335852" level="INFO">Clicks the element 'css=div[data-testid='task-list-item-dropdown-delete']'.</msg>
<arg>${BANCO_ATIVIDADE_PAGE_BUTTON_EXCLUIR}</arg>
<tag>PageContent</tag>
<tag>Setter</tag>
<doc>Simulates mouse click on the element found by ``selector``.</doc>
<status status="PASS" start="2024-11-04T17:44:57.334857" elapsed="0.271632"/>
</kw>
<kw name="Wait For Elements State" owner="Browser">
<msg time="2024-11-04T17:44:58.440257" level="INFO">Waited for Element with selector xpath=//p[@title='Those wait factor.']//span[text()='Pesquisa'] at state detached</msg>
<arg>xpath=//p[@title='${nome_atividade}']//span[text()='${tipo_atividade}']</arg>
<arg>detached</arg>
<tag>PageContent</tag>
<tag>Wait</tag>
<doc>Waits for the element found by ``selector`` to satisfy state option.</doc>
<status status="PASS" start="2024-11-04T17:44:57.607486" elapsed="0.832771"/>
</kw>
<arg>Pesquisa</arg>
<arg>${nome_atividade}</arg>
<doc>Exclui atividade criada</doc>
<status status="PASS" start="2024-11-04T17:44:57.334857" elapsed="1.106392"/>
</kw>
<kw name="Take Screenshot" owner="Browser" type="TEARDOWN">
<msg time="2024-11-04T17:44:58.543721" level="INFO" html="true">&lt;/td&gt;&lt;/tr&gt;&lt;tr&gt;&lt;td colspan="3"&gt;&lt;a href="browser/screenshot/robotframework-browser-screenshot-1.png" target="_blank"&gt;&lt;img src="browser/screenshot/robotframework-browser-screenshot-1.png" width="800px"/&gt;&lt;/a&gt;</msg>
<tag>PageContent</tag>
<doc>Takes a screenshot of the current window or element and saves it to disk.</doc>
<status status="PASS" start="2024-11-04T17:44:58.441249" elapsed="0.102472"/>
</kw>
<doc>Given que o usuário está na home page
When o usuário cria um modelo de atividade do tipo PESQUISA
Then a atividade é exibida</doc>
<status status="PASS" start="2024-11-04T17:44:53.176118" elapsed="5.368610"/>
</test>
<test id="s1-s1-t2" name="Criar modelo de atividade do tipo E-MAIL" line="27">
<kw name="Start session" owner="base" type="SETUP">
<kw name="New Browser" owner="Browser">
<msg time="2024-11-04T17:44:58.596725" level="INFO">Switching browser to browser=090f8260-8f14-468d-bbec-6ca303aa0f9b</msg>
<msg time="2024-11-04T17:44:58.598741" level="INFO">Successfully changed active browser: browser=090f8260-8f14-468d-bbec-6ca303aa0f9b</msg>
<msg time="2024-11-04T17:44:58.598741" level="INFO">Reusing existing browser with id: browser=090f8260-8f14-468d-bbec-6ca303aa0f9b</msg>
<arg>browser=${BROWSER}</arg>
<arg>headless=${IS_HEADLESS}</arg>
<tag>BrowserControl</tag>
<tag>Setter</tag>
<doc>Create a new playwright Browser with specified options.</doc>
<status status="PASS" start="2024-11-04T17:44:58.595726" elapsed="0.003015"/>
</kw>
<kw name="New Page" owner="Browser">
<msg time="2024-11-04T17:44:59.357912" level="INFO">Successfully initialized new page object and opened url: https://growth-station-client-git-junk-teste-qa-growthmachine.vercel.app/login</msg>
<msg time="2024-11-04T17:44:59.358913" level="INFO">No context was open. New context was automatically opened when this page is created.</msg>
<arg>${BASE_URL}</arg>
<tag>BrowserControl</tag>
<tag>Setter</tag>
<doc>Open a new Page.</doc>
<status status="PASS" start="2024-11-04T17:44:58.598741" elapsed="0.760172"/>
</kw>
<doc>Abre o navegador e vai para o endereço indicado</doc>
<status status="PASS" start="2024-11-04T17:44:58.595726" elapsed="0.763187"/>
</kw>
<kw name="Enviar formulário de login" owner="LoginPage">
<kw name="Fill Text" owner="Browser">
<msg time="2024-11-04T17:44:59.360915" level="INFO">Fills the text 'alan_nichols_717@growthmachine.com.br' in the given field.</msg>
<arg>${LOGIN_PAGE_INPUT_EMAIL}</arg>
<arg>${email}</arg>
<tag>PageContent</tag>
<tag>Setter</tag>
<doc>Clears and fills the given ``txt`` into the text field found by ``selector``.</doc>
<status status="PASS" start="2024-11-04T17:44:59.359929" elapsed="0.047299"/>
</kw>
<kw name="Fill Text" owner="Browser">
<msg time="2024-11-04T17:44:59.408224" level="INFO">Fills the text 'senha123' in the given field.</msg>
<arg>${LOGIN_PAGE_INPUT_SENHA}</arg>
<arg>${password}</arg>
<tag>PageContent</tag>
<tag>Setter</tag>
<doc>Clears and fills the given ``txt`` into the text field found by ``selector``.</doc>
<status status="PASS" start="2024-11-04T17:44:59.407228" elapsed="0.019748"/>
</kw>
<kw name="Click" owner="Browser">
<msg time="2024-11-04T17:44:59.426976" level="INFO">Clicks the element 'xpath=//button[contains(.,'Entrar')]'.</msg>
<arg>${LOGIN_PAGE_BUTTON_ENTRAR}</arg>
<tag>PageContent</tag>
<tag>Setter</tag>
<doc>Simulates mouse click on the element found by ``selector``.</doc>
<status status="PASS" start="2024-11-04T17:44:59.426976" elapsed="0.068961"/>
</kw>
<doc>Preenche o email, a senha e faz login</doc>
<status status="PASS" start="2024-11-04T17:44:59.359929" elapsed="0.136008"/>
</kw>
<kw name="Acessar formulário de cadastro de atividade" owner="BancoAtividadePage">
<kw name="Click" owner="Browser">
<msg time="2024-11-04T17:44:59.497943" level="INFO">Clicks the element 'css=button[data-testid='create-task-btn']'.</msg>
<arg>${BANCO_ATIVIDADE_PAGE_BUTTON_CRIAR_ATIVIDADE}</arg>
<tag>PageContent</tag>
<tag>Setter</tag>
<doc>Simulates mouse click on the element found by ``selector``.</doc>
<status status="PASS" start="2024-11-04T17:44:59.496943" elapsed="1.965543"/>
</kw>
<doc>Acessa o fomulário de cadastro de atividade</doc>
<status status="PASS" start="2024-11-04T17:44:59.496943" elapsed="1.965543"/>
</kw>
<kw name="Selecionar tipo de atividade" owner="BancoAtividadePage">
<kw name="Click" owner="Browser">
<msg time="2024-11-04T17:45:01.463991" level="INFO">Clicks the element 'xpath=//div[@type='button' and @data-testid='task-type-select']'.</msg>
<arg>${BANCO_ATIVIDADE_PAGE_COMBO_SELECIONAR_ATIVIDADE}</arg>
<tag>PageContent</tag>
<tag>Setter</tag>
<doc>Simulates mouse click on the element found by ``selector``.</doc>
<status status="PASS" start="2024-11-04T17:45:01.463991" elapsed="0.400449"/>
</kw>
<kw name="Click" owner="Browser">
<msg time="2024-11-04T17:45:01.865448" level="INFO">Clicks the element 'xpath=//div[@role='menuitem'][contains(.,'E-mail')]'.</msg>
<arg>xpath=//div[@role='menuitem'][contains(.,'${tipo_atividade}')]</arg>
<tag>PageContent</tag>
<tag>Setter</tag>
<doc>Simulates mouse click on the element found by ``selector``.</doc>
<status status="PASS" start="2024-11-04T17:45:01.865448" elapsed="0.338071"/>
</kw>
<kw name="Wait For Elements State" owner="Browser">
<msg time="2024-11-04T17:45:02.259193" level="INFO">Waited for Element with selector xpath=//div[@data-testid='task-type-select'][contains(.,'E-mail')] at state stable</msg>
<arg>xpath=//div[@data-testid='task-type-select'][contains(.,'${tipo_atividade}')]</arg>
<arg>stable</arg>
<tag>PageContent</tag>
<tag>Wait</tag>
<doc>Waits for the element found by ``selector`` to satisfy state option.</doc>
<status status="PASS" start="2024-11-04T17:45:02.203519" elapsed="0.055674"/>
</kw>
<arg>E-mail</arg>
<doc>Seleciona o tipo de atividade no formulário de cadastro de atividade</doc>
<status status="PASS" start="2024-11-04T17:45:01.463487" elapsed="0.795706"/>
</kw>
<kw name="Set Viewport Size" owner="Browser">
<msg time="2024-11-04T17:45:02.278290" level="INFO">Set viewport size to: [object Object]</msg>
<arg>2292</arg>
<arg>1108</arg>
<tag>BrowserControl</tag>
<tag>Setter</tag>
<doc>Sets current Pages viewport size to specified dimensions.</doc>
<status status="PASS" start="2024-11-04T17:45:02.260192" elapsed="0.018098"/>
</kw>
<kw name="Preencher nome da atividade" owner="BancoAtividadePage">
<kw name="Text" owner="FakerLibrary">
<msg time="2024-11-04T17:45:02.279289" level="INFO">${nome_atividade} = History place.</msg>
<var>${nome_atividade}</var>
<arg>${quantidade_caracteres}</arg>
<doc>Generate a text string.</doc>
<status status="PASS" start="2024-11-04T17:45:02.279289" elapsed="0.000000"/>
</kw>
<kw name="Set Test Variable" owner="BuiltIn">
<msg time="2024-11-04T17:45:02.279289" level="INFO">${nome_atividade} = History place.</msg>
<arg>${nome_atividade}</arg>
<doc>Makes a variable available everywhere within the scope of the current test.</doc>
<status status="PASS" start="2024-11-04T17:45:02.279289" elapsed="0.000000"/>
</kw>
<kw name="Fill Text" owner="Browser">
<msg time="2024-11-04T17:45:02.280286" level="INFO">Fills the text 'History place.' in the given field.</msg>
<arg>${BANCO_ATIVIDADE_PAGE_INPUT_NOME_ATIVIDADE}</arg>
<arg>${nome_atividade}</arg>
<tag>PageContent</tag>
<tag>Setter</tag>
<doc>Clears and fills the given ``txt`` into the text field found by ``selector``.</doc>
<status status="PASS" start="2024-11-04T17:45:02.279289" elapsed="0.023934"/>
</kw>
<arg>20</arg>
<doc>Preenche o nome da atividade no formulário de cadastro de atividade</doc>
<status status="PASS" start="2024-11-04T17:45:02.278290" elapsed="0.025923"/>
</kw>
<kw name="Preencher descrição da atividade" owner="BancoAtividadePage">
<kw name="Text" owner="FakerLibrary">
<msg time="2024-11-04T17:45:02.306211" level="INFO">${descricao_atividade} = Total property control traditional can fly. Nearly environmental prevent garden get word where. Believe something serve century left life ability.
Conference film find bank. Second century property of...</msg>
<var>${descricao_atividade}</var>
<arg>${quantidade_caracteres}</arg>
<doc>Generate a text string.</doc>
<status status="PASS" start="2024-11-04T17:45:02.305203" elapsed="0.001008"/>
</kw>
<kw name="Set Test Variable" owner="BuiltIn">
<msg time="2024-11-04T17:45:02.306211" level="INFO">${descricao_atividade} = Total property control traditional can fly. Nearly environmental prevent garden get word where. Believe something serve century left life ability.
Conference film find bank. Second century property of...</msg>
<arg>${descricao_atividade}</arg>
<doc>Makes a variable available everywhere within the scope of the current test.</doc>
<status status="PASS" start="2024-11-04T17:45:02.306211" elapsed="0.000000"/>
</kw>
<kw name="Fill Text" owner="Browser">
<msg time="2024-11-04T17:45:02.307205" level="INFO">Fills the text 'Total property control traditional can fly. Nearly environmental prevent garden get word where. Believe something serve century left life ability.
Conference film find bank. Second century property official charge.
School card throw even Congress so force. Foot artist attorney kind.
Outside travel public sit once. Return same organization get picture. Born would say two owner. Political some understand he outside after.' in the given field.</msg>
<arg>${BANCO_ATIVIDADE_PAGE_INPUT_DESCRICAO_ATIVIDADE}</arg>
<arg>${descricao_atividade}</arg>
<tag>PageContent</tag>
<tag>Setter</tag>
<doc>Clears and fills the given ``txt`` into the text field found by ``selector``.</doc>
<status status="PASS" start="2024-11-04T17:45:02.306211" elapsed="0.044633"/>
</kw>
<doc>Preenche a descrição da atividade no formulário de cadastro de atividade</doc>
<status status="PASS" start="2024-11-04T17:45:02.304213" elapsed="0.046631"/>
</kw>
<kw name="Preencher assunto do E-mail" owner="BancoAtividadePage">
<kw name="Text" owner="FakerLibrary">
<msg time="2024-11-04T17:45:02.352844" level="INFO">${assunto_email} = Simply the present.</msg>
<var>${assunto_email}</var>
<arg>${quantidade_caracteres}</arg>
<doc>Generate a text string.</doc>
<status status="PASS" start="2024-11-04T17:45:02.352844" elapsed="0.000000"/>
</kw>
<kw name="Set Test Variable" owner="BuiltIn">
<msg time="2024-11-04T17:45:02.353846" level="INFO">${assunto_email} = Simply the present.</msg>
<arg>${assunto_email}</arg>
<doc>Makes a variable available everywhere within the scope of the current test.</doc>
<status status="PASS" start="2024-11-04T17:45:02.352844" elapsed="0.001002"/>
</kw>
<kw name="Fill Text" owner="Browser">
<msg time="2024-11-04T17:45:02.353846" level="INFO">Fills the text 'Simply the present.' in the given field.</msg>
<arg>${BANCO_ATIVIDADE_PAGE_INPUT_ASSUNTO_EMAIL}</arg>
<arg>${assunto_email}</arg>
<tag>PageContent</tag>
<tag>Setter</tag>
<doc>Clears and fills the given ``txt`` into the text field found by ``selector``.</doc>
<status status="PASS" start="2024-11-04T17:45:02.353846" elapsed="0.015998"/>
</kw>
<arg>20</arg>
<doc>Preenche o assunto do e-mail no formulário de cadastro de atividade</doc>
<status status="PASS" start="2024-11-04T17:45:02.351843" elapsed="0.018001"/>
</kw>
<kw name="Preencher corpo do E-mail" owner="BancoAtividadePage">
<kw name="Text" owner="FakerLibrary">
<msg time="2024-11-04T17:45:02.371938" level="INFO">${corpo_email} = Soon recently edge least American people community. Various catch later. Meeting wrong two their.
Too state individual.
Million wait under sit note subject while. Participant affect serve if send hosp...</msg>
<var>${corpo_email}</var>
<arg>${quantidade_caracteres}</arg>
<doc>Generate a text string.</doc>
<status status="PASS" start="2024-11-04T17:45:02.370935" elapsed="0.001003"/>
</kw>
<kw name="Set Test Variable" owner="BuiltIn">
<msg time="2024-11-04T17:45:02.371938" level="INFO">${corpo_email} = Soon recently edge least American people community. Various catch later. Meeting wrong two their.
Too state individual.
Million wait under sit note subject while. Participant affect serve if send hosp...</msg>
<arg>${corpo_email}</arg>
<doc>Makes a variable available everywhere within the scope of the current test.</doc>
<status status="PASS" start="2024-11-04T17:45:02.371938" elapsed="0.000000"/>
</kw>
<kw name="Fill Text" owner="Browser">
<msg time="2024-11-04T17:45:02.372932" level="INFO">Fills the text 'Soon recently edge least American people community. Various catch later. Meeting wrong two their.
Too state individual.
Million wait under sit note subject while. Participant affect serve if send hospital laugh. Listen despite amount culture rather low all must.
Market support me over idea remain. Fly different beat provide force. Democratic kid keep leader.
Bed oil customer information. Off early gun baby happy effect more.
Thus be treat sign total itself current. Action suddenly fast Congress apply.
Station four eat hand once. Building important ground why day effect. Great himself wind.
Agree above will reduce. Late argue employee everybody sure place center deep.
Art from worry interview someone deep. Sing size light Congress.
Drive consumer agree stuff yes explain. Exist election despite away example great lot.
Citizen at let foreign high. Movement measure this drive road only.
Letter throughout produce air sit fish yes different. Mind into but girl heavy show federal.
Realize night professor positive remember force phone reality. Strategy about avoid available station section.
Picture around arrive style next. Major because success option six push. Work instead material cost.
Prepare to big world address door.
Keep fund purpose thing public maybe certainly. Find between voice government Democrat early sound. Television while common tax southern body nor.
Card onto control area. Rule there another style difficult since like. Respond check either brother.' in the given field.</msg>
<arg>${BANCO_ATIVIDADE_PAGE_INPUT_CORPO_EMAIL}</arg>
<arg>${corpo_email}</arg>
<tag>PageContent</tag>
<tag>Setter</tag>
<doc>Clears and fills the given ``txt`` into the text field found by ``selector``.</doc>
<status status="PASS" start="2024-11-04T17:45:02.371938" elapsed="0.054524"/>
</kw>
<doc>Preenche o corpo do e-mail no formulário de cadastro de atividade</doc>
<status status="PASS" start="2024-11-04T17:45:02.370935" elapsed="0.055527"/>
</kw>
<kw name="Salvar atividade" owner="BancoAtividadePage">
<kw name="Click" owner="Browser">
<msg time="2024-11-04T17:45:02.427499" level="INFO">Clicks the element 'css=button[type='submit']'.</msg>
<arg>${BANCO_ATIVIDADDE_PAGE_BUTTON_SALVAR}</arg>
<tag>PageContent</tag>
<tag>Setter</tag>
<doc>Simulates mouse click on the element found by ``selector``.</doc>
<status status="PASS" start="2024-11-04T17:45:02.427499" elapsed="0.134036"/>
</kw>
<doc>Clica no botão "Salvar" do formulário de cadastro de atividade</doc>
<status status="PASS" start="2024-11-04T17:45:02.427499" elapsed="0.134036"/>
</kw>
<kw name="Exibir tipo e nome da atividade" owner="BancoAtividadePage">
<kw name="Wait For Elements State" owner="Browser">
<msg time="2024-11-04T17:45:02.885773" level="INFO">Waited for Element with selector xpath=//p[@title='History place.']//span[text()='E-mail'] at state visible</msg>
<arg>xpath=//p[@title='${nome_atividade}']//span[text()='${tipo_atividade}']</arg>
<arg>visible</arg>
<tag>PageContent</tag>
<tag>Wait</tag>
<doc>Waits for the element found by ``selector`` to satisfy state option.</doc>
<status status="PASS" start="2024-11-04T17:45:02.562539" elapsed="0.323234"/>
</kw>
<arg>E-mail</arg>
<arg>${nome_atividade}</arg>
<doc>Garante a exibição do tipo de atividade na home page</doc>
<status status="PASS" start="2024-11-04T17:45:02.562539" elapsed="0.323234"/>
</kw>
<kw name="Abrir menu dropdown de opções" owner="BancoAtividadePage">
<kw name="Click" owner="Browser">
<msg time="2024-11-04T17:45:02.887880" level="INFO">Clicks the element 'xpath=//p[@title='History place.']/../../..//button[@data-testid='task-list-item-dropdown-trigger']'.</msg>
<arg>xpath=//p[@title='${nome_atividade}']/../../..//button[@data-testid='task-list-item-dropdown-trigger']</arg>
<tag>PageContent</tag>
<tag>Setter</tag>
<doc>Simulates mouse click on the element found by ``selector``.</doc>
<status status="PASS" start="2024-11-04T17:45:02.886790" elapsed="0.285136"/>
</kw>
<arg>${nome_atividade}</arg>
<doc>Abre o menu dropdown de opções</doc>
<status status="PASS" start="2024-11-04T17:45:02.886790" elapsed="0.285136"/>
</kw>
<kw name="Excluir atividade criada" owner="BancoAtividadePage">
<kw name="Click" owner="Browser">
<msg time="2024-11-04T17:45:03.172974" level="INFO">Clicks the element 'css=div[data-testid='task-list-item-dropdown-delete']'.</msg>
<arg>${BANCO_ATIVIDADE_PAGE_BUTTON_EXCLUIR}</arg>
<tag>PageContent</tag>
<tag>Setter</tag>
<doc>Simulates mouse click on the element found by ``selector``.</doc>
<status status="PASS" start="2024-11-04T17:45:03.172974" elapsed="0.299262"/>
</kw>
<kw name="Wait For Elements State" owner="Browser">
<msg time="2024-11-04T17:45:03.793006" level="INFO">Waited for Element with selector xpath=//p[@title='History place.']//span[text()='E-mail'] at state detached</msg>
<arg>xpath=//p[@title='${nome_atividade}']//span[text()='${tipo_atividade}']</arg>
<arg>detached</arg>
<tag>PageContent</tag>
<tag>Wait</tag>
<doc>Waits for the element found by ``selector`` to satisfy state option.</doc>
<status status="PASS" start="2024-11-04T17:45:03.472236" elapsed="0.321775"/>
</kw>
<arg>E-mail</arg>
<arg>${nome_atividade}</arg>
<doc>Exclui atividade criada</doc>
<status status="PASS" start="2024-11-04T17:45:03.172974" elapsed="0.621037"/>
</kw>
<kw name="Take Screenshot" owner="Browser" type="TEARDOWN">
<msg time="2024-11-04T17:45:03.979055" level="INFO" html="true">&lt;/td&gt;&lt;/tr&gt;&lt;tr&gt;&lt;td colspan="3"&gt;&lt;a href="browser/screenshot/robotframework-browser-screenshot-2.png" target="_blank"&gt;&lt;img src="browser/screenshot/robotframework-browser-screenshot-2.png" width="800px"/&gt;&lt;/a&gt;</msg>
<tag>PageContent</tag>
<doc>Takes a screenshot of the current window or element and saves it to disk.</doc>
<status status="PASS" start="2024-11-04T17:45:03.794512" elapsed="0.184543"/>
</kw>
<doc>Given que o usuário está na home page
When o usuário cria um modelo de atividade do tipo E-MAIL
Then a atividade é exibida</doc>
<status status="PASS" start="2024-11-04T17:44:58.592726" elapsed="5.387330"/>
</test>
<test id="s1-s1-t3" name="Criar modelo de atividade do tipo LIGAÇÃO" line="46">
<kw name="Start session" owner="base" type="SETUP">
<kw name="New Browser" owner="Browser">
<msg time="2024-11-04T17:45:04.027313" level="INFO">Switching browser to browser=090f8260-8f14-468d-bbec-6ca303aa0f9b</msg>
<msg time="2024-11-04T17:45:04.028312" level="INFO">Successfully changed active browser: browser=090f8260-8f14-468d-bbec-6ca303aa0f9b</msg>
<msg time="2024-11-04T17:45:04.028312" level="INFO">Reusing existing browser with id: browser=090f8260-8f14-468d-bbec-6ca303aa0f9b</msg>
<arg>browser=${BROWSER}</arg>
<arg>headless=${IS_HEADLESS}</arg>
<tag>BrowserControl</tag>
<tag>Setter</tag>
<doc>Create a new playwright Browser with specified options.</doc>
<status status="PASS" start="2024-11-04T17:45:04.026316" elapsed="0.001996"/>
</kw>
<kw name="New Page" owner="Browser">
<msg time="2024-11-04T17:45:04.754871" level="INFO">Successfully initialized new page object and opened url: https://growth-station-client-git-junk-teste-qa-growthmachine.vercel.app/login</msg>
<msg time="2024-11-04T17:45:04.754871" level="INFO">No context was open. New context was automatically opened when this page is created.</msg>
<arg>${BASE_URL}</arg>
<tag>BrowserControl</tag>
<tag>Setter</tag>
<doc>Open a new Page.</doc>
<status status="PASS" start="2024-11-04T17:45:04.029313" elapsed="0.726453"/>
</kw>
<doc>Abre o navegador e vai para o endereço indicado</doc>
<status status="PASS" start="2024-11-04T17:45:04.026316" elapsed="0.729450"/>
</kw>
<kw name="Enviar formulário de login" owner="LoginPage">
<kw name="Fill Text" owner="Browser">
<msg time="2024-11-04T17:45:04.757768" level="INFO">Fills the text 'alan_nichols_717@growthmachine.com.br' in the given field.</msg>
<arg>${LOGIN_PAGE_INPUT_EMAIL}</arg>
<arg>${email}</arg>
<tag>PageContent</tag>
<tag>Setter</tag>
<doc>Clears and fills the given ``txt`` into the text field found by ``selector``.</doc>
<status status="PASS" start="2024-11-04T17:45:04.756767" elapsed="0.041522"/>
</kw>
<kw name="Fill Text" owner="Browser">
<msg time="2024-11-04T17:45:04.799288" level="INFO">Fills the text 'senha123' in the given field.</msg>
<arg>${LOGIN_PAGE_INPUT_SENHA}</arg>
<arg>${password}</arg>
<tag>PageContent</tag>
<tag>Setter</tag>
<doc>Clears and fills the given ``txt`` into the text field found by ``selector``.</doc>
<status status="PASS" start="2024-11-04T17:45:04.798289" elapsed="0.019707"/>
</kw>
<kw name="Click" owner="Browser">
<msg time="2024-11-04T17:45:04.818974" level="INFO">Clicks the element 'xpath=//button[contains(.,'Entrar')]'.</msg>
<arg>${LOGIN_PAGE_BUTTON_ENTRAR}</arg>
<tag>PageContent</tag>
<tag>Setter</tag>
<doc>Simulates mouse click on the element found by ``selector``.</doc>
<status status="PASS" start="2024-11-04T17:45:04.818974" elapsed="0.060562"/>
</kw>
<doc>Preenche o email, a senha e faz login</doc>
<status status="PASS" start="2024-11-04T17:45:04.756767" elapsed="0.122769"/>
</kw>
<kw name="Acessar formulário de cadastro de atividade" owner="BancoAtividadePage">
<kw name="Click" owner="Browser">
<msg time="2024-11-04T17:45:04.881448" level="INFO">Clicks the element 'css=button[data-testid='create-task-btn']'.</msg>
<arg>${BANCO_ATIVIDADE_PAGE_BUTTON_CRIAR_ATIVIDADE}</arg>
<tag>PageContent</tag>
<tag>Setter</tag>
<doc>Simulates mouse click on the element found by ``selector``.</doc>
<status status="PASS" start="2024-11-04T17:45:04.880548" elapsed="1.458119"/>
</kw>
<doc>Acessa o fomulário de cadastro de atividade</doc>
<status status="PASS" start="2024-11-04T17:45:04.880548" elapsed="1.458119"/>
</kw>
<kw name="Selecionar tipo de atividade" owner="BancoAtividadePage">
<kw name="Click" owner="Browser">
<msg time="2024-11-04T17:45:06.339668" level="INFO">Clicks the element 'xpath=//div[@type='button' and @data-testid='task-type-select']'.</msg>
<arg>${BANCO_ATIVIDADE_PAGE_COMBO_SELECIONAR_ATIVIDADE}</arg>
<tag>PageContent</tag>
<tag>Setter</tag>
<doc>Simulates mouse click on the element found by ``selector``.</doc>
<status status="PASS" start="2024-11-04T17:45:06.339668" elapsed="0.398574"/>
</kw>
<kw name="Click" owner="Browser">
<msg time="2024-11-04T17:45:06.739243" level="INFO">Clicks the element 'xpath=//div[@role='menuitem'][contains(.,'Ligação')]'.</msg>
<arg>xpath=//div[@role='menuitem'][contains(.,'${tipo_atividade}')]</arg>
<tag>PageContent</tag>
<tag>Setter</tag>
<doc>Simulates mouse click on the element found by ``selector``.</doc>
<status status="PASS" start="2024-11-04T17:45:06.739243" elapsed="0.343813"/>
</kw>
<kw name="Wait For Elements State" owner="Browser">
<msg time="2024-11-04T17:45:07.157594" level="INFO">Waited for Element with selector xpath=//div[@data-testid='task-type-select'][contains(.,'Ligação')] at state stable</msg>
<arg>xpath=//div[@data-testid='task-type-select'][contains(.,'${tipo_atividade}')]</arg>
<arg>stable</arg>
<tag>PageContent</tag>
<tag>Wait</tag>
<doc>Waits for the element found by ``selector`` to satisfy state option.</doc>
<status status="PASS" start="2024-11-04T17:45:07.083056" elapsed="0.074538"/>
</kw>
<arg>Ligação</arg>
<doc>Seleciona o tipo de atividade no formulário de cadastro de atividade</doc>
<status status="PASS" start="2024-11-04T17:45:06.339668" elapsed="0.817926"/>
</kw>
<kw name="Preencher nome da atividade" owner="BancoAtividadePage">
<kw name="Text" owner="FakerLibrary">
<msg time="2024-11-04T17:45:07.158596" level="INFO">${nome_atividade} = Quality perhaps.</msg>
<var>${nome_atividade}</var>
<arg>${quantidade_caracteres}</arg>
<doc>Generate a text string.</doc>
<status status="PASS" start="2024-11-04T17:45:07.158596" elapsed="0.000000"/>
</kw>
<kw name="Set Test Variable" owner="BuiltIn">
<msg time="2024-11-04T17:45:07.158596" level="INFO">${nome_atividade} = Quality perhaps.</msg>
<arg>${nome_atividade}</arg>
<doc>Makes a variable available everywhere within the scope of the current test.</doc>
<status status="PASS" start="2024-11-04T17:45:07.158596" elapsed="0.001003"/>
</kw>
<kw name="Fill Text" owner="Browser">
<msg time="2024-11-04T17:45:07.159599" level="INFO">Fills the text 'Quality perhaps.' in the given field.</msg>
<arg>${BANCO_ATIVIDADE_PAGE_INPUT_NOME_ATIVIDADE}</arg>
<arg>${nome_atividade}</arg>
<tag>PageContent</tag>
<tag>Setter</tag>
<doc>Clears and fills the given ``txt`` into the text field found by ``selector``.</doc>
<status status="PASS" start="2024-11-04T17:45:07.159599" elapsed="0.023994"/>
</kw>
<arg>20</arg>
<doc>Preenche o nome da atividade no formulário de cadastro de atividade</doc>
<status status="PASS" start="2024-11-04T17:45:07.158596" elapsed="0.025996"/>
</kw>
<kw name="Preencher descrição da atividade" owner="BancoAtividadePage">
<kw name="Text" owner="FakerLibrary">
<msg time="2024-11-04T17:45:07.185591" level="INFO">${descricao_atividade} = Feel computer long who word six. New vote training choose.
Where fly field fast include. Friend once return base new.
Leg he arrive college. Social show between itself reach.
Take blue pattern buildin...</msg>
<var>${descricao_atividade}</var>
<arg>${quantidade_caracteres}</arg>
<doc>Generate a text string.</doc>
<status status="PASS" start="2024-11-04T17:45:07.184592" elapsed="0.000999"/>
</kw>
<kw name="Set Test Variable" owner="BuiltIn">
<msg time="2024-11-04T17:45:07.186604" level="INFO">${descricao_atividade} = Feel computer long who word six. New vote training choose.
Where fly field fast include. Friend once return base new.
Leg he arrive college. Social show between itself reach.
Take blue pattern buildin...</msg>
<arg>${descricao_atividade}</arg>
<doc>Makes a variable available everywhere within the scope of the current test.</doc>
<status status="PASS" start="2024-11-04T17:45:07.185591" elapsed="0.001013"/>
</kw>
<kw name="Fill Text" owner="Browser">
<msg time="2024-11-04T17:45:07.187596" level="INFO">Fills the text 'Feel computer long who word six. New vote training choose.
Where fly field fast include. Friend once return base new.
Leg he arrive college. Social show between itself reach.
Take blue pattern building. Scene media wind ten.
Read goal front feeling hour always economy. Eat learn upon southern left keep thought major.
Stand fight brother. Show debate century site. Keep reality tax worker light.
Sea imagine in his. Strategy high defense manager standard statement.' in the given field.</msg>
<arg>${BANCO_ATIVIDADE_PAGE_INPUT_DESCRICAO_ATIVIDADE}</arg>
<arg>${descricao_atividade}</arg>
<tag>PageContent</tag>
<tag>Setter</tag>
<doc>Clears and fills the given ``txt`` into the text field found by ``selector``.</doc>
<status status="PASS" start="2024-11-04T17:45:07.186604" elapsed="0.051509"/>
</kw>
<doc>Preenche a descrição da atividade no formulário de cadastro de atividade</doc>
<status status="PASS" start="2024-11-04T17:45:07.184592" elapsed="0.054600"/>
</kw>
<kw name="Salvar atividade" owner="BancoAtividadePage">
<kw name="Click" owner="Browser">
<msg time="2024-11-04T17:45:07.240194" level="INFO">Clicks the element 'css=button[type='submit']'.</msg>
<arg>${BANCO_ATIVIDADDE_PAGE_BUTTON_SALVAR}</arg>
<tag>PageContent</tag>
<tag>Setter</tag>
<doc>Simulates mouse click on the element found by ``selector``.</doc>
<status status="PASS" start="2024-11-04T17:45:07.239192" elapsed="0.081543"/>
</kw>
<doc>Clica no botão "Salvar" do formulário de cadastro de atividade</doc>
<status status="PASS" start="2024-11-04T17:45:07.239192" elapsed="0.081543"/>
</kw>
<kw name="Exibir tipo e nome da atividade" owner="BancoAtividadePage">
<kw name="Wait For Elements State" owner="Browser">
<msg time="2024-11-04T17:45:07.653954" level="INFO">Waited for Element with selector xpath=//p[@title='Quality perhaps.']//span[text()='Ligação'] at state visible</msg>
<arg>xpath=//p[@title='${nome_atividade}']//span[text()='${tipo_atividade}']</arg>
<arg>visible</arg>
<tag>PageContent</tag>
<tag>Wait</tag>
<doc>Waits for the element found by ``selector`` to satisfy state option.</doc>
<status status="PASS" start="2024-11-04T17:45:07.321735" elapsed="0.332219"/>
</kw>
<arg>Ligação</arg>
<arg>${nome_atividade}</arg>
<doc>Garante a exibição do tipo de atividade na home page</doc>
<status status="PASS" start="2024-11-04T17:45:07.321735" elapsed="0.332219"/>
</kw>
<kw name="Abrir menu dropdown de opções" owner="BancoAtividadePage">
<kw name="Click" owner="Browser">
<msg time="2024-11-04T17:45:07.656050" level="INFO">Clicks the element 'xpath=//p[@title='Quality perhaps.']/../../..//button[@data-testid='task-list-item-dropdown-trigger']'.</msg>
<arg>xpath=//p[@title='${nome_atividade}']/../../..//button[@data-testid='task-list-item-dropdown-trigger']</arg>
<tag>PageContent</tag>
<tag>Setter</tag>
<doc>Simulates mouse click on the element found by ``selector``.</doc>
<status status="PASS" start="2024-11-04T17:45:07.655004" elapsed="0.337369"/>
</kw>
<arg>${nome_atividade}</arg>
<doc>Abre o menu dropdown de opções</doc>
<status status="PASS" start="2024-11-04T17:45:07.655004" elapsed="0.337369"/>
</kw>
<kw name="Excluir atividade criada" owner="BancoAtividadePage">
<kw name="Click" owner="Browser">
<msg time="2024-11-04T17:45:07.994248" level="INFO">Clicks the element 'css=div[data-testid='task-list-item-dropdown-delete']'.</msg>
<arg>${BANCO_ATIVIDADE_PAGE_BUTTON_EXCLUIR}</arg>
<tag>PageContent</tag>
<tag>Setter</tag>
<doc>Simulates mouse click on the element found by ``selector``.</doc>
<status status="PASS" start="2024-11-04T17:45:07.994248" elapsed="0.276230"/>
</kw>
<kw name="Wait For Elements State" owner="Browser">
<msg time="2024-11-04T17:45:08.277413" level="INFO">Waited for Element with selector xpath=//p[@title='Quality perhaps.']//span[text()='E-mail'] at state detached</msg>
<arg>xpath=//p[@title='${nome_atividade}']//span[text()='${tipo_atividade}']</arg>
<arg>detached</arg>
<tag>PageContent</tag>
<tag>Wait</tag>
<doc>Waits for the element found by ``selector`` to satisfy state option.</doc>
<status status="PASS" start="2024-11-04T17:45:08.270478" elapsed="0.006935"/>
</kw>
<arg>E-mail</arg>
<arg>${nome_atividade}</arg>
<doc>Exclui atividade criada</doc>
<status status="PASS" start="2024-11-04T17:45:07.993148" elapsed="0.284265"/>
</kw>
<kw name="Take Screenshot" owner="Browser" type="TEARDOWN">
<msg time="2024-11-04T17:45:08.400044" level="INFO" html="true">&lt;/td&gt;&lt;/tr&gt;&lt;tr&gt;&lt;td colspan="3"&gt;&lt;a href="browser/screenshot/robotframework-browser-screenshot-3.png" target="_blank"&gt;&lt;img src="browser/screenshot/robotframework-browser-screenshot-3.png" width="800px"/&gt;&lt;/a&gt;</msg>
<tag>PageContent</tag>
<doc>Takes a screenshot of the current window or element and saves it to disk.</doc>
<status status="PASS" start="2024-11-04T17:45:08.277413" elapsed="0.122631"/>
</kw>
<doc>Given que o usuário está na home page
When o usuário cria um modelo de atividade do tipo LIGAÇÃO
Then a atividade é exibida</doc>
<status status="PASS" start="2024-11-04T17:45:04.022302" elapsed="4.378757"/>
</test>
<test id="s1-s1-t4" name="Criar modelo de atividade do tipo LINKEDIN" line="62">
<kw name="Start session" owner="base" type="SETUP">
<kw name="New Browser" owner="Browser">
<msg time="2024-11-04T17:45:08.449425" level="INFO">Switching browser to browser=090f8260-8f14-468d-bbec-6ca303aa0f9b</msg>
<msg time="2024-11-04T17:45:08.451441" level="INFO">Successfully changed active browser: browser=090f8260-8f14-468d-bbec-6ca303aa0f9b</msg>
<msg time="2024-11-04T17:45:08.451441" level="INFO">Reusing existing browser with id: browser=090f8260-8f14-468d-bbec-6ca303aa0f9b</msg>
<arg>browser=${BROWSER}</arg>
<arg>headless=${IS_HEADLESS}</arg>
<tag>BrowserControl</tag>
<tag>Setter</tag>
<doc>Create a new playwright Browser with specified options.</doc>
<status status="PASS" start="2024-11-04T17:45:08.448431" elapsed="0.003010"/>
</kw>
<kw name="New Page" owner="Browser">
<msg time="2024-11-04T17:45:09.129519" level="INFO">Successfully initialized new page object and opened url: https://growth-station-client-git-junk-teste-qa-growthmachine.vercel.app/login</msg>
<msg time="2024-11-04T17:45:09.129519" level="INFO">No context was open. New context was automatically opened when this page is created.</msg>
<arg>${BASE_URL}</arg>
<tag>BrowserControl</tag>
<tag>Setter</tag>
<doc>Open a new Page.</doc>
<status status="PASS" start="2024-11-04T17:45:08.451441" elapsed="0.678078"/>
</kw>
<doc>Abre o navegador e vai para o endereço indicado</doc>
<status status="PASS" start="2024-11-04T17:45:08.447425" elapsed="0.682094"/>
</kw>
<kw name="Enviar formulário de login" owner="LoginPage">
<kw name="Fill Text" owner="Browser">
<msg time="2024-11-04T17:45:09.131518" level="INFO">Fills the text 'alan_nichols_717@growthmachine.com.br' in the given field.</msg>
<arg>${LOGIN_PAGE_INPUT_EMAIL}</arg>
<arg>${email}</arg>
<tag>PageContent</tag>
<tag>Setter</tag>
<doc>Clears and fills the given ``txt`` into the text field found by ``selector``.</doc>
<status status="PASS" start="2024-11-04T17:45:09.130541" elapsed="0.042845"/>
</kw>
<kw name="Fill Text" owner="Browser">
<msg time="2024-11-04T17:45:09.174305" level="INFO">Fills the text 'senha123' in the given field.</msg>
<arg>${LOGIN_PAGE_INPUT_SENHA}</arg>
<arg>${password}</arg>
<tag>PageContent</tag>
<tag>Setter</tag>
<doc>Clears and fills the given ``txt`` into the text field found by ``selector``.</doc>
<status status="PASS" start="2024-11-04T17:45:09.173386" elapsed="0.019932"/>
</kw>
<kw name="Click" owner="Browser">
<msg time="2024-11-04T17:45:09.193318" level="INFO">Clicks the element 'xpath=//button[contains(.,'Entrar')]'.</msg>
<arg>${LOGIN_PAGE_BUTTON_ENTRAR}</arg>
<tag>PageContent</tag>
<tag>Setter</tag>
<doc>Simulates mouse click on the element found by ``selector``.</doc>
<status status="PASS" start="2024-11-04T17:45:09.193318" elapsed="0.068570"/>
</kw>
<doc>Preenche o email, a senha e faz login</doc>
<status status="PASS" start="2024-11-04T17:45:09.130541" elapsed="0.132328"/>
</kw>
<kw name="Acessar formulário de cadastro de atividade" owner="BancoAtividadePage">
<kw name="Click" owner="Browser">
<msg time="2024-11-04T17:45:09.263919" level="INFO">Clicks the element 'css=button[data-testid='create-task-btn']'.</msg>
<arg>${BANCO_ATIVIDADE_PAGE_BUTTON_CRIAR_ATIVIDADE}</arg>
<tag>PageContent</tag>
<tag>Setter</tag>
<doc>Simulates mouse click on the element found by ``selector``.</doc>
<status status="PASS" start="2024-11-04T17:45:09.263919" elapsed="1.449876"/>
</kw>
<doc>Acessa o fomulário de cadastro de atividade</doc>
<status status="PASS" start="2024-11-04T17:45:09.262869" elapsed="1.450926"/>
</kw>
<kw name="Selecionar tipo de atividade" owner="BancoAtividadePage">
<kw name="Click" owner="Browser">
<msg time="2024-11-04T17:45:10.715781" level="INFO">Clicks the element 'xpath=//div[@type='button' and @data-testid='task-type-select']'.</msg>
<arg>${BANCO_ATIVIDADE_PAGE_COMBO_SELECIONAR_ATIVIDADE}</arg>
<tag>PageContent</tag>
<tag>Setter</tag>
<doc>Simulates mouse click on the element found by ``selector``.</doc>
<status status="PASS" start="2024-11-04T17:45:10.714783" elapsed="0.386713"/>
</kw>
<kw name="Click" owner="Browser">
<msg time="2024-11-04T17:45:11.102497" level="INFO">Clicks the element 'xpath=//div[@role='menuitem'][contains(.,'LinkedIn')]'.</msg>
<arg>xpath=//div[@role='menuitem'][contains(.,'${tipo_atividade}')]</arg>
<tag>PageContent</tag>
<tag>Setter</tag>
<doc>Simulates mouse click on the element found by ``selector``.</doc>
<status status="PASS" start="2024-11-04T17:45:11.102497" elapsed="0.338655"/>
</kw>
<kw name="Wait For Elements State" owner="Browser">
<msg time="2024-11-04T17:45:11.503177" level="INFO">Waited for Element with selector xpath=//div[@data-testid='task-type-select'][contains(.,'LinkedIn')] at state stable</msg>
<arg>xpath=//div[@data-testid='task-type-select'][contains(.,'${tipo_atividade}')]</arg>
<arg>stable</arg>
<tag>PageContent</tag>
<tag>Wait</tag>
<doc>Waits for the element found by ``selector`` to satisfy state option.</doc>
<status status="PASS" start="2024-11-04T17:45:11.441152" elapsed="0.062999"/>
</kw>
<arg>LinkedIn</arg>
<doc>Seleciona o tipo de atividade no formulário de cadastro de atividade</doc>
<status status="PASS" start="2024-11-04T17:45:10.714783" elapsed="0.789368"/>
</kw>
<kw name="Set Viewport Size" owner="Browser">
<msg time="2024-11-04T17:45:11.519161" level="INFO">Set viewport size to: [object Object]</msg>
<arg>1698</arg>
<arg>821</arg>
<tag>BrowserControl</tag>
<tag>Setter</tag>
<doc>Sets current Pages viewport size to specified dimensions.</doc>
<status status="PASS" start="2024-11-04T17:45:11.504151" elapsed="0.015010"/>
</kw>
<kw name="Preencher nome da atividade" owner="BancoAtividadePage">
<kw name="Text" owner="FakerLibrary">
<msg time="2024-11-04T17:45:11.520182" level="INFO">${nome_atividade} = Reality training.</msg>
<var>${nome_atividade}</var>
<arg>${quantidade_caracteres}</arg>
<doc>Generate a text string.</doc>
<status status="PASS" start="2024-11-04T17:45:11.520182" elapsed="0.000000"/>
</kw>
<kw name="Set Test Variable" owner="BuiltIn">
<msg time="2024-11-04T17:45:11.521161" level="INFO">${nome_atividade} = Reality training.</msg>
<arg>${nome_atividade}</arg>
<doc>Makes a variable available everywhere within the scope of the current test.</doc>
<status status="PASS" start="2024-11-04T17:45:11.521161" elapsed="0.000000"/>
</kw>
<kw name="Fill Text" owner="Browser">
<msg time="2024-11-04T17:45:11.521161" level="INFO">Fills the text 'Reality training.' in the given field.</msg>
<arg>${BANCO_ATIVIDADE_PAGE_INPUT_NOME_ATIVIDADE}</arg>
<arg>${nome_atividade}</arg>
<tag>PageContent</tag>
<tag>Setter</tag>
<doc>Clears and fills the given ``txt`` into the text field found by ``selector``.</doc>
<status status="PASS" start="2024-11-04T17:45:11.521161" elapsed="0.029418"/>
</kw>
<arg>20</arg>
<doc>Preenche o nome da atividade no formulário de cadastro de atividade</doc>
<status status="PASS" start="2024-11-04T17:45:11.520182" elapsed="0.030397"/>
</kw>
<kw name="Preencher descrição da atividade" owner="BancoAtividadePage">
<kw name="Text" owner="FakerLibrary">
<msg time="2024-11-04T17:45:11.552577" level="INFO">${descricao_atividade} = Weight last need serve measure your bad technology. Maintain will or case.
Manage exist per member cause have. Minute agent base by. Next pick walk wear grow.
Democrat just old various letter. Model c...</msg>
<var>${descricao_atividade}</var>
<arg>${quantidade_caracteres}</arg>
<doc>Generate a text string.</doc>
<status status="PASS" start="2024-11-04T17:45:11.551577" elapsed="0.001000"/>
</kw>
<kw name="Set Test Variable" owner="BuiltIn">
<msg time="2024-11-04T17:45:11.552577" level="INFO">${descricao_atividade} = Weight last need serve measure your bad technology. Maintain will or case.
Manage exist per member cause have. Minute agent base by. Next pick walk wear grow.
Democrat just old various letter. Model c...</msg>
<arg>${descricao_atividade}</arg>
<doc>Makes a variable available everywhere within the scope of the current test.</doc>
<status status="PASS" start="2024-11-04T17:45:11.552577" elapsed="0.000998"/>
</kw>
<kw name="Fill Text" owner="Browser">
<msg time="2024-11-04T17:45:11.553575" level="INFO">Fills the text 'Weight last need serve measure your bad technology. Maintain will or case.
Manage exist per member cause have. Minute agent base by. Next pick walk wear grow.
Democrat just old various letter. Model consumer between field room tough dark. Current range color. These bill keep here investment.
Someone word stock huge paper contain across each. Financial southern resource me perhaps responsibility there life.
Get across better adult audience.' in the given field.</msg>
<arg>${BANCO_ATIVIDADE_PAGE_INPUT_DESCRICAO_ATIVIDADE}</arg>
<arg>${descricao_atividade}</arg>
<tag>PageContent</tag>
<tag>Setter</tag>
<doc>Clears and fills the given ``txt`` into the text field found by ``selector``.</doc>
<status status="PASS" start="2024-11-04T17:45:11.553575" elapsed="0.059282"/>
</kw>
<doc>Preenche a descrição da atividade no formulário de cadastro de atividade</doc>
<status status="PASS" start="2024-11-04T17:45:11.551577" elapsed="0.061280"/>
</kw>
<kw name="Preencher corpo da mensagem" owner="BancoAtividadePage">
<kw name="Text" owner="FakerLibrary">
<msg time="2024-11-04T17:45:11.614852" level="INFO">${corpo_mensagem} = Bad modern quite use age establish. Everyone move heavy remember Mrs. Instead campaign last finish.
Pass treat central into little line apply. The image item street four half.
Even her ever whatever h...</msg>
<var>${corpo_mensagem}</var>
<arg>${quantidade_caracteres}</arg>
<doc>Generate a text string.</doc>
<status status="PASS" start="2024-11-04T17:45:11.613851" elapsed="0.001001"/>
</kw>
<kw name="Set Test Variable" owner="BuiltIn">
<msg time="2024-11-04T17:45:11.615852" level="INFO">${corpo_mensagem} = Bad modern quite use age establish. Everyone move heavy remember Mrs. Instead campaign last finish.
Pass treat central into little line apply. The image item street four half.
Even her ever whatever h...</msg>
<arg>${corpo_mensagem}</arg>
<doc>Makes a variable available everywhere within the scope of the current test.</doc>
<status status="PASS" start="2024-11-04T17:45:11.614852" elapsed="0.001000"/>
</kw>
<kw name="Fill Text" owner="Browser">
<msg time="2024-11-04T17:45:11.615852" level="INFO">Fills the text 'Bad modern quite use age establish. Everyone move heavy remember Mrs. Instead campaign last finish.
Pass treat central into little line apply. The image item street four half.
Even her ever whatever heavy. Crime know show money air. Tell enter weight whom already someone cut.
Conference admit hard father sit my minute produce. Within whole miss mention. Agreement pressure drop.
Mention Mr also. People reveal operation skin from doctor soldier. Win treatment general both wear hard statement.' in the given field.</msg>
<arg>${BANCO_ATIVIDADE_PAGE_INPUT_MENSAGEM}</arg>
<arg>${corpo_mensagem}</arg>
<tag>PageContent</tag>
<tag>Setter</tag>
<doc>Clears and fills the given ``txt`` into the text field found by ``selector``.</doc>
<status status="PASS" start="2024-11-04T17:45:11.615852" elapsed="0.018515"/>
</kw>
<doc>Preenche o corpo da mensagem do linkedIn ou whatsapp no formulário de cadastro de atividade</doc>
<status status="PASS" start="2024-11-04T17:45:11.613851" elapsed="0.020516"/>
</kw>
<kw name="Salvar atividade" owner="BancoAtividadePage">
<kw name="Click" owner="Browser">
<msg time="2024-11-04T17:45:11.635389" level="INFO">Clicks the element 'css=button[type='submit']'.</msg>
<arg>${BANCO_ATIVIDADDE_PAGE_BUTTON_SALVAR}</arg>
<tag>PageContent</tag>
<tag>Setter</tag>
<doc>Simulates mouse click on the element found by ``selector``.</doc>
<status status="PASS" start="2024-11-04T17:45:11.635389" elapsed="0.115626"/>
</kw>
<doc>Clica no botão "Salvar" do formulário de cadastro de atividade</doc>
<status status="PASS" start="2024-11-04T17:45:11.634367" elapsed="0.116648"/>
</kw>
<kw name="Exibir tipo e nome da atividade" owner="BancoAtividadePage">
<kw name="Wait For Elements State" owner="Browser">
<msg time="2024-11-04T17:45:12.076273" level="INFO">Waited for Element with selector xpath=//p[@title='Reality training.']//span[text()='LinkedIn'] at state visible</msg>
<arg>xpath=//p[@title='${nome_atividade}']//span[text()='${tipo_atividade}']</arg>
<arg>visible</arg>
<tag>PageContent</tag>
<tag>Wait</tag>
<doc>Waits for the element found by ``selector`` to satisfy state option.</doc>
<status status="PASS" start="2024-11-04T17:45:11.751959" elapsed="0.324314"/>
</kw>
<arg>LinkedIn</arg>
<arg>${nome_atividade}</arg>
<doc>Garante a exibição do tipo de atividade na home page</doc>
<status status="PASS" start="2024-11-04T17:45:11.751959" elapsed="0.324314"/>
</kw>
<kw name="Abrir menu dropdown de opções" owner="BancoAtividadePage">
<kw name="Click" owner="Browser">
<msg time="2024-11-04T17:45:12.078277" level="INFO">Clicks the element 'xpath=//p[@title='Reality training.']/../../..//button[@data-testid='task-list-item-dropdown-trigger']'.</msg>
<arg>xpath=//p[@title='${nome_atividade}']/../../..//button[@data-testid='task-list-item-dropdown-trigger']</arg>
<tag>PageContent</tag>
<tag>Setter</tag>
<doc>Simulates mouse click on the element found by ``selector``.</doc>
<status status="PASS" start="2024-11-04T17:45:12.078277" elapsed="0.274301"/>
</kw>
<arg>${nome_atividade}</arg>
<doc>Abre o menu dropdown de opções</doc>
<status status="PASS" start="2024-11-04T17:45:12.077274" elapsed="0.275304"/>
</kw>
<kw name="Excluir atividade criada" owner="BancoAtividadePage">
<kw name="Click" owner="Browser">
<msg time="2024-11-04T17:45:12.353632" level="INFO">Clicks the element 'css=div[data-testid='task-list-item-dropdown-delete']'.</msg>
<arg>${BANCO_ATIVIDADE_PAGE_BUTTON_EXCLUIR}</arg>
<tag>PageContent</tag>
<tag>Setter</tag>
<doc>Simulates mouse click on the element found by ``selector``.</doc>
<status status="PASS" start="2024-11-04T17:45:12.353632" elapsed="0.269797"/>
</kw>
<kw name="Wait For Elements State" owner="Browser">
<msg time="2024-11-04T17:45:12.953490" level="INFO">Waited for Element with selector xpath=//p[@title='Reality training.']//span[text()='LinkedIn'] at state detached</msg>
<arg>xpath=//p[@title='${nome_atividade}']//span[text()='${tipo_atividade}']</arg>
<arg>detached</arg>
<tag>PageContent</tag>
<tag>Wait</tag>
<doc>Waits for the element found by ``selector`` to satisfy state option.</doc>
<status status="PASS" start="2024-11-04T17:45:12.623429" elapsed="0.330061"/>
</kw>
<arg>LinkedIn</arg>
<arg>${nome_atividade}</arg>
<doc>Exclui atividade criada</doc>
<status status="PASS" start="2024-11-04T17:45:12.353632" elapsed="0.599858"/>
</kw>
<kw name="Take Screenshot" owner="Browser" type="TEARDOWN">
<msg time="2024-11-04T17:45:13.048529" level="INFO" html="true">&lt;/td&gt;&lt;/tr&gt;&lt;tr&gt;&lt;td colspan="3"&gt;&lt;a href="browser/screenshot/robotframework-browser-screenshot-4.png" target="_blank"&gt;&lt;img src="browser/screenshot/robotframework-browser-screenshot-4.png" width="800px"/&gt;&lt;/a&gt;</msg>
<tag>PageContent</tag>
<doc>Takes a screenshot of the current window or element and saves it to disk.</doc>
<status status="PASS" start="2024-11-04T17:45:12.953490" elapsed="0.095039"/>
</kw>
<doc>Given que o usuário está na home page
When o usuário cria um modelo de atividade do tipo LINKEDIN
Then a atividade é exibida</doc>
<status status="PASS" start="2024-11-04T17:45:08.443919" elapsed="4.605579"/>
</test>
<test id="s1-s1-t5" name="Criar modelo de atividade do tipo WHATSAPP" line="80">
<kw name="Start session" owner="base" type="SETUP">
<kw name="New Browser" owner="Browser">
<msg time="2024-11-04T17:45:13.095591" level="INFO">Switching browser to browser=090f8260-8f14-468d-bbec-6ca303aa0f9b</msg>
<msg time="2024-11-04T17:45:13.097498" level="INFO">Successfully changed active browser: browser=090f8260-8f14-468d-bbec-6ca303aa0f9b</msg>
<msg time="2024-11-04T17:45:13.097498" level="INFO">Reusing existing browser with id: browser=090f8260-8f14-468d-bbec-6ca303aa0f9b</msg>
<arg>browser=${BROWSER}</arg>
<arg>headless=${IS_HEADLESS}</arg>
<tag>BrowserControl</tag>
<tag>Setter</tag>
<doc>Create a new playwright Browser with specified options.</doc>
<status status="PASS" start="2024-11-04T17:45:13.094495" elapsed="0.003003"/>
</kw>
<kw name="New Page" owner="Browser">
<msg time="2024-11-04T17:45:13.844129" level="INFO">Successfully initialized new page object and opened url: https://growth-station-client-git-junk-teste-qa-growthmachine.vercel.app/login</msg>
<msg time="2024-11-04T17:45:13.844129" level="INFO">No context was open. New context was automatically opened when this page is created.</msg>
<arg>${BASE_URL}</arg>
<tag>BrowserControl</tag>
<tag>Setter</tag>
<doc>Open a new Page.</doc>
<status status="PASS" start="2024-11-04T17:45:13.097498" elapsed="0.746631"/>
</kw>
<doc>Abre o navegador e vai para o endereço indicado</doc>
<status status="PASS" start="2024-11-04T17:45:13.094495" elapsed="0.749634"/>
</kw>
<kw name="Enviar formulário de login" owner="LoginPage">
<kw name="Fill Text" owner="Browser">
<msg time="2024-11-04T17:45:13.845129" level="INFO">Fills the text 'alan_nichols_717@growthmachine.com.br' in the given field.</msg>
<arg>${LOGIN_PAGE_INPUT_EMAIL}</arg>
<arg>${email}</arg>
<tag>PageContent</tag>
<tag>Setter</tag>
<doc>Clears and fills the given ``txt`` into the text field found by ``selector``.</doc>
<status status="PASS" start="2024-11-04T17:45:13.845129" elapsed="0.081545"/>
</kw>
<kw name="Fill Text" owner="Browser">
<msg time="2024-11-04T17:45:13.926674" level="INFO">Fills the text 'senha123' in the given field.</msg>
<arg>${LOGIN_PAGE_INPUT_SENHA}</arg>
<arg>${password}</arg>
<tag>PageContent</tag>
<tag>Setter</tag>
<doc>Clears and fills the given ``txt`` into the text field found by ``selector``.</doc>
<status status="PASS" start="2024-11-04T17:45:13.926674" elapsed="0.015512"/>
</kw>
<kw name="Click" owner="Browser">
<msg time="2024-11-04T17:45:13.942186" level="INFO">Clicks the element 'xpath=//button[contains(.,'Entrar')]'.</msg>
<arg>${LOGIN_PAGE_BUTTON_ENTRAR}</arg>
<tag>PageContent</tag>
<tag>Setter</tag>
<doc>Simulates mouse click on the element found by ``selector``.</doc>
<status status="PASS" start="2024-11-04T17:45:13.942186" elapsed="0.065105"/>
</kw>
<doc>Preenche o email, a senha e faz login</doc>
<status status="PASS" start="2024-11-04T17:45:13.845129" elapsed="0.162162"/>
</kw>
<kw name="Acessar formulário de cadastro de atividade" owner="BancoAtividadePage">
<kw name="Click" owner="Browser">
<msg time="2024-11-04T17:45:14.008366" level="INFO">Clicks the element 'css=button[data-testid='create-task-btn']'.</msg>
<arg>${BANCO_ATIVIDADE_PAGE_BUTTON_CRIAR_ATIVIDADE}</arg>
<tag>PageContent</tag>
<tag>Setter</tag>
<doc>Simulates mouse click on the element found by ``selector``.</doc>
<status status="PASS" start="2024-11-04T17:45:14.008366" elapsed="2.018835"/>
</kw>
<doc>Acessa o fomulário de cadastro de atividade</doc>
<status status="PASS" start="2024-11-04T17:45:14.008366" elapsed="2.018835"/>
</kw>
<kw name="Selecionar tipo de atividade" owner="BancoAtividadePage">
<kw name="Click" owner="Browser">
<msg time="2024-11-04T17:45:16.029200" level="INFO">Clicks the element 'xpath=//div[@type='button' and @data-testid='task-type-select']'.</msg>
<arg>${BANCO_ATIVIDADE_PAGE_COMBO_SELECIONAR_ATIVIDADE}</arg>
<tag>PageContent</tag>
<tag>Setter</tag>
<doc>Simulates mouse click on the element found by ``selector``.</doc>
<status status="PASS" start="2024-11-04T17:45:16.028204" elapsed="0.347791"/>
</kw>
<kw name="Click" owner="Browser">
<msg time="2024-11-04T17:45:16.376999" level="INFO">Clicks the element 'xpath=//div[@role='menuitem'][contains(.,'WhatsApp')]'.</msg>
<arg>xpath=//div[@role='menuitem'][contains(.,'${tipo_atividade}')]</arg>
<tag>PageContent</tag>
<tag>Setter</tag>
<doc>Simulates mouse click on the element found by ``selector``.</doc>
<status status="PASS" start="2024-11-04T17:45:16.375995" elapsed="0.318724"/>
</kw>
<kw name="Wait For Elements State" owner="Browser">
<msg time="2024-11-04T17:45:16.774238" level="INFO">Waited for Element with selector xpath=//div[@data-testid='task-type-select'][contains(.,'WhatsApp')] at state stable</msg>
<arg>xpath=//div[@data-testid='task-type-select'][contains(.,'${tipo_atividade}')]</arg>
<arg>stable</arg>
<tag>PageContent</tag>
<tag>Wait</tag>
<doc>Waits for the element found by ``selector`` to satisfy state option.</doc>
<status status="PASS" start="2024-11-04T17:45:16.695720" elapsed="0.078518"/>
</kw>
<arg>WhatsApp</arg>
<doc>Seleciona o tipo de atividade no formulário de cadastro de atividade</doc>
<status status="PASS" start="2024-11-04T17:45:16.028204" elapsed="0.747038"/>
</kw>
<kw name="Set Viewport Size" owner="Browser">
<msg time="2024-11-04T17:45:16.789264" level="INFO">Set viewport size to: [object Object]</msg>
<arg>1698</arg>
<arg>821</arg>
<tag>BrowserControl</tag>
<tag>Setter</tag>
<doc>Sets current Pages viewport size to specified dimensions.</doc>
<status status="PASS" start="2024-11-04T17:45:16.775242" elapsed="0.014022"/>
</kw>
<kw name="Preencher nome da atividade" owner="BancoAtividadePage">
<kw name="Text" owner="FakerLibrary">
<msg time="2024-11-04T17:45:16.790266" level="INFO">${nome_atividade} = Fact we specific.</msg>
<var>${nome_atividade}</var>
<arg>${quantidade_caracteres}</arg>
<doc>Generate a text string.</doc>
<status status="PASS" start="2024-11-04T17:45:16.790266" elapsed="0.000000"/>
</kw>
<kw name="Set Test Variable" owner="BuiltIn">
<msg time="2024-11-04T17:45:16.791258" level="INFO">${nome_atividade} = Fact we specific.</msg>
<arg>${nome_atividade}</arg>
<doc>Makes a variable available everywhere within the scope of the current test.</doc>
<status status="PASS" start="2024-11-04T17:45:16.790266" elapsed="0.000992"/>
</kw>
<kw name="Fill Text" owner="Browser">
<msg time="2024-11-04T17:45:16.791258" level="INFO">Fills the text 'Fact we specific.' in the given field.</msg>
<arg>${BANCO_ATIVIDADE_PAGE_INPUT_NOME_ATIVIDADE}</arg>
<arg>${nome_atividade}</arg>
<tag>PageContent</tag>
<tag>Setter</tag>
<doc>Clears and fills the given ``txt`` into the text field found by ``selector``.</doc>
<status status="PASS" start="2024-11-04T17:45:16.791258" elapsed="0.024540"/>
</kw>
<arg>20</arg>
<doc>Preenche o nome da atividade no formulário de cadastro de atividade</doc>
<status status="PASS" start="2024-11-04T17:45:16.790266" elapsed="0.026532"/>
</kw>
<kw name="Preencher descrição da atividade" owner="BancoAtividadePage">
<kw name="Text" owner="FakerLibrary">
<msg time="2024-11-04T17:45:16.817879" level="INFO">${descricao_atividade} = Firm line matter note those local fact. Can mention and then development consumer job. Floor thing man contain economic above brother.
Receive cut set. Than TV boy act.
Chance country see third state ...</msg>
<var>${descricao_atividade}</var>
<arg>${quantidade_caracteres}</arg>
<doc>Generate a text string.</doc>
<status status="PASS" start="2024-11-04T17:45:16.817879" elapsed="0.000000"/>
</kw>
<kw name="Set Test Variable" owner="BuiltIn">
<msg time="2024-11-04T17:45:16.817879" level="INFO">${descricao_atividade} = Firm line matter note those local fact. Can mention and then development consumer job. Floor thing man contain economic above brother.
Receive cut set. Than TV boy act.
Chance country see third state ...</msg>
<arg>${descricao_atividade}</arg>
<doc>Makes a variable available everywhere within the scope of the current test.</doc>
<status status="PASS" start="2024-11-04T17:45:16.817879" elapsed="0.000000"/>
</kw>
<kw name="Fill Text" owner="Browser">
<msg time="2024-11-04T17:45:16.817879" level="INFO">Fills the text 'Firm line matter note those local fact. Can mention and then development consumer job. Floor thing man contain economic above brother.
Receive cut set. Than TV boy act.
Chance country see third state answer. Blood until magazine bill history event wear.
Need himself west. Training remain suffer force.
Television like history wonder point seem remember. Approach must might standard feeling.' in the given field.</msg>
<arg>${BANCO_ATIVIDADE_PAGE_INPUT_DESCRICAO_ATIVIDADE}</arg>
<arg>${descricao_atividade}</arg>
<tag>PageContent</tag>
<tag>Setter</tag>
<doc>Clears and fills the given ``txt`` into the text field found by ``selector``.</doc>
<status status="PASS" start="2024-11-04T17:45:16.817879" elapsed="0.048524"/>
</kw>
<doc>Preenche a descrição da atividade no formulário de cadastro de atividade</doc>
<status status="PASS" start="2024-11-04T17:45:16.816798" elapsed="0.049605"/>
</kw>
<kw name="Preencher corpo da mensagem" owner="BancoAtividadePage">
<kw name="Text" owner="FakerLibrary">
<msg time="2024-11-04T17:45:16.868402" level="INFO">${corpo_mensagem} = Forward place apply hair worker. Music learn one deep. Age population study happy performance miss authority.
Look collection never must. Mention body bed author a eat.
Force recently yard make us onl...</msg>
<var>${corpo_mensagem}</var>
<arg>${quantidade_caracteres}</arg>
<doc>Generate a text string.</doc>
<status status="PASS" start="2024-11-04T17:45:16.867448" elapsed="0.000954"/>
</kw>
<kw name="Set Test Variable" owner="BuiltIn">
<msg time="2024-11-04T17:45:16.868402" level="INFO">${corpo_mensagem} = Forward place apply hair worker. Music learn one deep. Age population study happy performance miss authority.
Look collection never must. Mention body bed author a eat.
Force recently yard make us onl...</msg>
<arg>${corpo_mensagem}</arg>
<doc>Makes a variable available everywhere within the scope of the current test.</doc>
<status status="PASS" start="2024-11-04T17:45:16.868402" elapsed="0.000000"/>
</kw>
<kw name="Fill Text" owner="Browser">
<msg time="2024-11-04T17:45:16.869407" level="INFO">Fills the text 'Forward place apply hair worker. Music learn one deep. Age population study happy performance miss authority.
Look collection never must. Mention body bed author a eat.
Force recently yard make us only. Cut hour expert company effort other financial.
High mean remember among. Avoid night today American fill surface appear. To suffer keep build.
Short choose focus.
Environment compare government while discuss. Simple and perform tough.
Style cold same. Firm whether begin two morning.' in the given field.</msg>
<arg>${BANCO_ATIVIDADE_PAGE_INPUT_MENSAGEM}</arg>
<arg>${corpo_mensagem}</arg>
<tag>PageContent</tag>
<tag>Setter</tag>
<doc>Clears and fills the given ``txt`` into the text field found by ``selector``.</doc>
<status status="PASS" start="2024-11-04T17:45:16.868402" elapsed="0.029000"/>
</kw>
<doc>Preenche o corpo da mensagem do linkedIn ou whatsapp no formulário de cadastro de atividade</doc>
<status status="PASS" start="2024-11-04T17:45:16.867448" elapsed="0.030954"/>
</kw>
<kw name="Salvar atividade" owner="BancoAtividadePage">
<kw name="Click" owner="Browser">
<msg time="2024-11-04T17:45:16.899401" level="INFO">Clicks the element 'css=button[type='submit']'.</msg>
<arg>${BANCO_ATIVIDADDE_PAGE_BUTTON_SALVAR}</arg>
<tag>PageContent</tag>
<tag>Setter</tag>
<doc>Simulates mouse click on the element found by ``selector``.</doc>
<status status="PASS" start="2024-11-04T17:45:16.899401" elapsed="0.097096"/>
</kw>
<doc>Clica no botão "Salvar" do formulário de cadastro de atividade</doc>
<status status="PASS" start="2024-11-04T17:45:16.898402" elapsed="0.098095"/>
</kw>
<kw name="Exibir tipo e nome da atividade" owner="BancoAtividadePage">
<kw name="Wait For Elements State" owner="Browser">
<msg time="2024-11-04T17:45:17.329288" level="INFO">Waited for Element with selector xpath=//p[@title='Fact we specific.']//span[text()='WhatsApp'] at state visible</msg>
<arg>xpath=//p[@title='${nome_atividade}']//span[text()='${tipo_atividade}']</arg>
<arg>visible</arg>
<tag>PageContent</tag>
<tag>Wait</tag>
<doc>Waits for the element found by ``selector`` to satisfy state option.</doc>
<status status="PASS" start="2024-11-04T17:45:16.997513" elapsed="0.331775"/>
</kw>
<arg>WhatsApp</arg>
<arg>${nome_atividade}</arg>
<doc>Garante a exibição do tipo de atividade na home page</doc>
<status status="PASS" start="2024-11-04T17:45:16.997513" elapsed="0.331775"/>
</kw>
<kw name="Abrir menu dropdown de opções" owner="BancoAtividadePage">
<kw name="Click" owner="Browser">
<msg time="2024-11-04T17:45:17.331288" level="INFO">Clicks the element 'xpath=//p[@title='Fact we specific.']/../../..//button[@data-testid='task-list-item-dropdown-trigger']'.</msg>
<arg>xpath=//p[@title='${nome_atividade}']/../../..//button[@data-testid='task-list-item-dropdown-trigger']</arg>
<tag>PageContent</tag>
<tag>Setter</tag>
<doc>Simulates mouse click on the element found by ``selector``.</doc>
<status status="PASS" start="2024-11-04T17:45:17.331288" elapsed="0.218723"/>
</kw>
<arg>${nome_atividade}</arg>
<doc>Abre o menu dropdown de opções</doc>
<status status="PASS" start="2024-11-04T17:45:17.330394" elapsed="0.219617"/>
</kw>
<kw name="Excluir atividade criada" owner="BancoAtividadePage">
<kw name="Click" owner="Browser">
<msg time="2024-11-04T17:45:17.552011" level="INFO">Clicks the element 'css=div[data-testid='task-list-item-dropdown-delete']'.</msg>
<arg>${BANCO_ATIVIDADE_PAGE_BUTTON_EXCLUIR}</arg>
<tag>PageContent</tag>
<tag>Setter</tag>
<doc>Simulates mouse click on the element found by ``selector``.</doc>
<status status="PASS" start="2024-11-04T17:45:17.551120" elapsed="0.288708"/>
</kw>
<kw name="Wait For Elements State" owner="Browser">
<msg time="2024-11-04T17:45:18.161140" level="INFO">Waited for Element with selector xpath=//p[@title='Fact we specific.']//span[text()='WhatsApp'] at state detached</msg>
<arg>xpath=//p[@title='${nome_atividade}']//span[text()='${tipo_atividade}']</arg>
<arg>detached</arg>
<tag>PageContent</tag>
<tag>Wait</tag>
<doc>Waits for the element found by ``selector`` to satisfy state option.</doc>
<status status="PASS" start="2024-11-04T17:45:17.839828" elapsed="0.321312"/>
</kw>
<arg>WhatsApp</arg>
<arg>${nome_atividade}</arg>
<doc>Exclui atividade criada</doc>
<status status="PASS" start="2024-11-04T17:45:17.551120" elapsed="0.610020"/>
</kw>
<kw name="Take Screenshot" owner="Browser" type="TEARDOWN">
<msg time="2024-11-04T17:45:18.294307" level="INFO" html="true">&lt;/td&gt;&lt;/tr&gt;&lt;tr&gt;&lt;td colspan="3"&gt;&lt;a href="browser/screenshot/robotframework-browser-screenshot-5.png" target="_blank"&gt;&lt;img src="browser/screenshot/robotframework-browser-screenshot-5.png" width="800px"/&gt;&lt;/a&gt;</msg>
<tag>PageContent</tag>
<doc>Takes a screenshot of the current window or element and saves it to disk.</doc>
<status status="PASS" start="2024-11-04T17:45:18.162240" elapsed="0.133173"/>
</kw>
<doc>Given que o usuário está na home page
When o usuário cria um modelo de atividade do tipo WHATSAPP
Then a atividade é exibida</doc>
<status status="PASS" start="2024-11-04T17:45:13.091495" elapsed="5.203918"/>
</test>
<test id="s1-s1-t6" name="Tentar criar modelo de atividade do tipo PESQUISA com campos obrigatórios vazios" line="98">
<kw name="Start session" owner="base" type="SETUP">
<kw name="New Browser" owner="Browser">
<msg time="2024-11-04T17:45:18.339516" level="INFO">Switching browser to browser=090f8260-8f14-468d-bbec-6ca303aa0f9b</msg>
<msg time="2024-11-04T17:45:18.341514" level="INFO">Successfully changed active browser: browser=090f8260-8f14-468d-bbec-6ca303aa0f9b</msg>
<msg time="2024-11-04T17:45:18.341514" level="INFO">Reusing existing browser with id: browser=090f8260-8f14-468d-bbec-6ca303aa0f9b</msg>
<arg>browser=${BROWSER}</arg>
<arg>headless=${IS_HEADLESS}</arg>
<tag>BrowserControl</tag>
<tag>Setter</tag>
<doc>Create a new playwright Browser with specified options.</doc>
<status status="PASS" start="2024-11-04T17:45:18.339516" elapsed="0.001998"/>
</kw>
<kw name="New Page" owner="Browser">
<msg time="2024-11-04T17:45:19.085403" level="INFO">Successfully initialized new page object and opened url: https://growth-station-client-git-junk-teste-qa-growthmachine.vercel.app/login</msg>
<msg time="2024-11-04T17:45:19.085403" level="INFO">No context was open. New context was automatically opened when this page is created.</msg>
<arg>${BASE_URL}</arg>
<tag>BrowserControl</tag>
<tag>Setter</tag>
<doc>Open a new Page.</doc>
<status status="PASS" start="2024-11-04T17:45:18.341514" elapsed="0.743889"/>
</kw>
<doc>Abre o navegador e vai para o endereço indicado</doc>
<status status="PASS" start="2024-11-04T17:45:18.339516" elapsed="0.746919"/>
</kw>
<kw name="Enviar formulário de login" owner="LoginPage">
<kw name="Fill Text" owner="Browser">
<msg time="2024-11-04T17:45:19.087407" level="INFO">Fills the text 'alan_nichols_717@growthmachine.com.br' in the given field.</msg>
<arg>${LOGIN_PAGE_INPUT_EMAIL}</arg>
<arg>${email}</arg>
<tag>PageContent</tag>
<tag>Setter</tag>
<doc>Clears and fills the given ``txt`` into the text field found by ``selector``.</doc>
<status status="PASS" start="2024-11-04T17:45:19.087407" elapsed="0.041328"/>
</kw>
<kw name="Fill Text" owner="Browser">
<msg time="2024-11-04T17:45:19.129739" level="INFO">Fills the text 'senha123' in the given field.</msg>
<arg>${LOGIN_PAGE_INPUT_SENHA}</arg>
<arg>${password}</arg>
<tag>PageContent</tag>
<tag>Setter</tag>
<doc>Clears and fills the given ``txt`` into the text field found by ``selector``.</doc>
<status status="PASS" start="2024-11-04T17:45:19.129739" elapsed="0.021207"/>
</kw>
<kw name="Click" owner="Browser">
<msg time="2024-11-04T17:45:19.150946" level="INFO">Clicks the element 'xpath=//button[contains(.,'Entrar')]'.</msg>
<arg>${LOGIN_PAGE_BUTTON_ENTRAR}</arg>
<tag>PageContent</tag>
<tag>Setter</tag>
<doc>Simulates mouse click on the element found by ``selector``.</doc>
<status status="PASS" start="2024-11-04T17:45:19.150946" elapsed="0.062017"/>
</kw>
<doc>Preenche o email, a senha e faz login</doc>
<status status="PASS" start="2024-11-04T17:45:19.086435" elapsed="0.126528"/>
</kw>
<kw name="Acessar formulário de cadastro de atividade" owner="BancoAtividadePage">
<kw name="Click" owner="Browser">
<msg time="2024-11-04T17:45:19.214981" level="INFO">Clicks the element 'css=button[data-testid='create-task-btn']'.</msg>
<arg>${BANCO_ATIVIDADE_PAGE_BUTTON_CRIAR_ATIVIDADE}</arg>
<tag>PageContent</tag>
<tag>Setter</tag>
<doc>Simulates mouse click on the element found by ``selector``.</doc>
<status status="PASS" start="2024-11-04T17:45:19.213971" elapsed="1.452600"/>
</kw>
<doc>Acessa o fomulário de cadastro de atividade</doc>
<status status="PASS" start="2024-11-04T17:45:19.213971" elapsed="1.452600"/>
</kw>
<kw name="Selecionar tipo de atividade" owner="BancoAtividadePage">
<kw name="Click" owner="Browser">
<msg time="2024-11-04T17:45:20.668570" level="INFO">Clicks the element 'xpath=//div[@type='button' and @data-testid='task-type-select']'.</msg>
<arg>${BANCO_ATIVIDADE_PAGE_COMBO_SELECIONAR_ATIVIDADE}</arg>
<tag>PageContent</tag>
<tag>Setter</tag>
<doc>Simulates mouse click on the element found by ``selector``.</doc>
<status status="PASS" start="2024-11-04T17:45:20.667572" elapsed="0.364265"/>
</kw>
<kw name="Click" owner="Browser">
<msg time="2024-11-04T17:45:21.031837" level="INFO">Clicks the element 'xpath=//div[@role='menuitem'][contains(.,'Pesquisa')]'.</msg>
<arg>xpath=//div[@role='menuitem'][contains(.,'${tipo_atividade}')]</arg>
<tag>PageContent</tag>
<tag>Setter</tag>
<doc>Simulates mouse click on the element found by ``selector``.</doc>
<status status="PASS" start="2024-11-04T17:45:21.031837" elapsed="0.345595"/>
</kw>
<kw name="Wait For Elements State" owner="Browser">
<msg time="2024-11-04T17:45:21.448149" level="INFO">Waited for Element with selector xpath=//div[@data-testid='task-type-select'][contains(.,'Pesquisa')] at state stable</msg>
[...]
<msg time="2024-11-04T17:46:59.268717" level="INFO" html="true">&lt;/td&gt;&lt;/tr&gt;&lt;tr&gt;&lt;td colspan="3"&gt;&lt;a href="browser/screenshot/robotframework-browser-screenshot-26.png" target="_blank"&gt;&lt;img src="browser/screenshot/robotframework-browser-screenshot-26.png" width="800px"/&gt;&lt;/a&gt;</msg>
<tag>PageContent</tag>
<doc>Takes a screenshot of the current window or element and saves it to disk.</doc>
<status status="PASS" start="2024-11-04T17:46:59.179872" elapsed="0.089861"/>
</kw>
<doc>Given que o usuário está na página de login
And insere um email incorreto
When o usuário clica em "Entrar"
Then o usuário não é logado no sistema</doc>
<status status="PASS" start="2024-11-04T17:46:57.447361" elapsed="1.823379"/>
</test>
<test id="s1-s2-t4" name="Tentar realizar login com email no formato inválido" line="41">
<kw name="Start session" owner="base" type="SETUP">
<kw name="New Browser" owner="Browser">
<msg time="2024-11-04T17:46:59.319539" level="INFO">Switching browser to browser=090f8260-8f14-468d-bbec-6ca303aa0f9b</msg>
<msg time="2024-11-04T17:46:59.321598" level="INFO">Successfully changed active browser: browser=090f8260-8f14-468d-bbec-6ca303aa0f9b</msg>
<msg time="2024-11-04T17:46:59.321598" level="INFO">Reusing existing browser with id: browser=090f8260-8f14-468d-bbec-6ca303aa0f9b</msg>
<arg>browser=${BROWSER}</arg>
<arg>headless=${IS_HEADLESS}</arg>
<tag>BrowserControl</tag>
<tag>Setter</tag>
<doc>Create a new playwright Browser with specified options.</doc>
<status status="PASS" start="2024-11-04T17:46:59.318585" elapsed="0.003013"/>
</kw>
<kw name="New Page" owner="Browser">
<msg time="2024-11-04T17:47:00.112755" level="INFO">Successfully initialized new page object and opened url: https://growth-station-client-git-junk-teste-qa-growthmachine.vercel.app/login</msg>
<msg time="2024-11-04T17:47:00.112755" level="INFO">No context was open. New context was automatically opened when this page is created.</msg>
<arg>${BASE_URL}</arg>
<tag>BrowserControl</tag>
<tag>Setter</tag>
<doc>Open a new Page.</doc>
<status status="PASS" start="2024-11-04T17:46:59.321598" elapsed="0.791157"/>
</kw>
<doc>Abre o navegador e vai para o endereço indicado</doc>
<status status="PASS" start="2024-11-04T17:46:59.318585" elapsed="0.794170"/>
</kw>
<kw name="Enviar formulário de login" owner="LoginPage">
<kw name="Fill Text" owner="Browser">
<msg time="2024-11-04T17:47:00.113754" level="INFO">Fills the text '@liedson.teste' in the given field.</msg>
<arg>${LOGIN_PAGE_INPUT_EMAIL}</arg>
<arg>${email}</arg>
<tag>PageContent</tag>
<tag>Setter</tag>
<doc>Clears and fills the given ``txt`` into the text field found by ``selector``.</doc>
<status status="PASS" start="2024-11-04T17:47:00.113754" elapsed="0.033734"/>
</kw>
<kw name="Fill Text" owner="Browser">
<msg time="2024-11-04T17:47:00.147488" level="INFO">Fills the text 'senha123' in the given field.</msg>
<arg>${LOGIN_PAGE_INPUT_SENHA}</arg>
<arg>${password}</arg>
<tag>PageContent</tag>
<tag>Setter</tag>
<doc>Clears and fills the given ``txt`` into the text field found by ``selector``.</doc>
<status status="PASS" start="2024-11-04T17:47:00.147488" elapsed="0.015303"/>
</kw>
<kw name="Click" owner="Browser">
<msg time="2024-11-04T17:47:00.163793" level="INFO">Clicks the element 'xpath=//button[contains(.,'Entrar')]'.</msg>
<arg>${LOGIN_PAGE_BUTTON_ENTRAR}</arg>
<tag>PageContent</tag>
<tag>Setter</tag>
<doc>Simulates mouse click on the element found by ``selector``.</doc>
<status status="PASS" start="2024-11-04T17:47:00.163793" elapsed="0.056256"/>
</kw>
<arg>email=@liedson.teste</arg>
<doc>Preenche o email, a senha e faz login</doc>
<status status="PASS" start="2024-11-04T17:47:00.113754" elapsed="0.106295"/>
</kw>
<kw name="Exibir mensagem de erro no login" owner="LoginPage">
<kw name="Wait For Elements State" owner="Browser">
<msg time="2024-11-04T17:47:01.066757" level="INFO">Waited for Element with selector //span[contains(.,'*E-mail ou senha inválidos')] at state visible</msg>
<arg>//span[contains(.,'${text}')]</arg>
<arg>visible</arg>
<tag>PageContent</tag>
<tag>Wait</tag>
<doc>Waits for the element found by ``selector`` to satisfy state option.</doc>
<status status="PASS" start="2024-11-04T17:47:00.221051" elapsed="0.845706"/>
</kw>
<arg>*E-mail ou senha inválidos</arg>
<doc>Garante a exibição da mensagem de erro de login</doc>
<status status="PASS" start="2024-11-04T17:47:00.221051" elapsed="0.845706"/>
</kw>
<kw name="Take Screenshot" owner="Browser" type="TEARDOWN">
<msg time="2024-11-04T17:47:01.167147" level="INFO" html="true">&lt;/td&gt;&lt;/tr&gt;&lt;tr&gt;&lt;td colspan="3"&gt;&lt;a href="browser/screenshot/robotframework-browser-screenshot-27.png" target="_blank"&gt;&lt;img src="browser/screenshot/robotframework-browser-screenshot-27.png" width="800px"/&gt;&lt;/a&gt;</msg>
<tag>PageContent</tag>
<doc>Takes a screenshot of the current window or element and saves it to disk.</doc>
<status status="PASS" start="2024-11-04T17:47:01.067794" elapsed="0.099353"/>
</kw>
<doc>Given que o usuário está na página de login
And insere um email com formato inválido
When o usuário clica em "Entrar"
Then o usuário não é logado no sistema</doc>
<status status="PASS" start="2024-11-04T17:46:59.315021" elapsed="1.853142"/>
</test>
<test id="s1-s2-t5" name="Tentar realizar login com campo senha vazio" line="51">
<kw name="Start session" owner="base" type="SETUP">
<kw name="New Browser" owner="Browser">
<msg time="2024-11-04T17:47:01.210807" level="INFO">Switching browser to browser=090f8260-8f14-468d-bbec-6ca303aa0f9b</msg>
<msg time="2024-11-04T17:47:01.212818" level="INFO">Successfully changed active browser: browser=090f8260-8f14-468d-bbec-6ca303aa0f9b</msg>
<msg time="2024-11-04T17:47:01.212818" level="INFO">Reusing existing browser with id: browser=090f8260-8f14-468d-bbec-6ca303aa0f9b</msg>
<arg>browser=${BROWSER}</arg>
<arg>headless=${IS_HEADLESS}</arg>
<tag>BrowserControl</tag>
<tag>Setter</tag>
<doc>Create a new playwright Browser with specified options.</doc>
<status status="PASS" start="2024-11-04T17:47:01.209805" elapsed="0.003013"/>
</kw>
<kw name="New Page" owner="Browser">
<msg time="2024-11-04T17:47:01.905084" level="INFO">Successfully initialized new page object and opened url: https://growth-station-client-git-junk-teste-qa-growthmachine.vercel.app/login</msg>
<msg time="2024-11-04T17:47:01.905084" level="INFO">No context was open. New context was automatically opened when this page is created.</msg>
<arg>${BASE_URL}</arg>
<tag>BrowserControl</tag>
<tag>Setter</tag>
<doc>Open a new Page.</doc>
<status status="PASS" start="2024-11-04T17:47:01.213809" elapsed="0.691275"/>
</kw>
<doc>Abre o navegador e vai para o endereço indicado</doc>
<status status="PASS" start="2024-11-04T17:47:01.209805" elapsed="0.695279"/>
</kw>
<kw name="Enviar formulário de login" owner="LoginPage">
<kw name="Fill Text" owner="Browser">
<msg time="2024-11-04T17:47:01.907641" level="INFO">Fills the text 'alan_nichols_717@growthmachine.com.br' in the given field.</msg>
<arg>${LOGIN_PAGE_INPUT_EMAIL}</arg>
<arg>${email}</arg>
<tag>PageContent</tag>
<tag>Setter</tag>
<doc>Clears and fills the given ``txt`` into the text field found by ``selector``.</doc>
<status status="PASS" start="2024-11-04T17:47:01.906635" elapsed="0.043164"/>
</kw>
<kw name="Fill Text" owner="Browser">
<msg time="2024-11-04T17:47:01.950798" level="INFO">Fills the text '' in the given field.</msg>
<arg>${LOGIN_PAGE_INPUT_SENHA}</arg>
<arg>${password}</arg>
<tag>PageContent</tag>
<tag>Setter</tag>
<doc>Clears and fills the given ``txt`` into the text field found by ``selector``.</doc>
<status status="PASS" start="2024-11-04T17:47:01.949799" elapsed="0.019312"/>
</kw>
<kw name="Click" owner="Browser">
<msg time="2024-11-04T17:47:01.970128" level="INFO">Clicks the element 'xpath=//button[contains(.,'Entrar')]'.</msg>
<arg>${LOGIN_PAGE_BUTTON_ENTRAR}</arg>
<tag>PageContent</tag>
<tag>Setter</tag>
<doc>Simulates mouse click on the element found by ``selector``.</doc>
<status status="PASS" start="2024-11-04T17:47:01.969111" elapsed="0.073000"/>
</kw>
<arg>password=${EMPTY}</arg>
<doc>Preenche o email, a senha e faz login</doc>
<status status="PASS" start="2024-11-04T17:47:01.906131" elapsed="0.135980"/>
</kw>
<kw name="Exibir mensagem de erro no login" owner="LoginPage">
<kw name="Wait For Elements State" owner="Browser">
<msg time="2024-11-04T17:47:02.879805" level="INFO">Waited for Element with selector //span[contains(.,'*E-mail ou senha inválidos')] at state visible</msg>
<arg>//span[contains(.,'${text}')]</arg>
<arg>visible</arg>
<tag>PageContent</tag>
<tag>Wait</tag>
<doc>Waits for the element found by ``selector`` to satisfy state option.</doc>
<status status="PASS" start="2024-11-04T17:47:02.043115" elapsed="0.836690"/>
</kw>
<arg>*E-mail ou senha inválidos</arg>
<doc>Garante a exibição da mensagem de erro de login</doc>
<status status="PASS" start="2024-11-04T17:47:02.043115" elapsed="0.836690"/>
</kw>
<kw name="Take Screenshot" owner="Browser" type="TEARDOWN">
<msg time="2024-11-04T17:47:02.964451" level="INFO" html="true">&lt;/td&gt;&lt;/tr&gt;&lt;tr&gt;&lt;td colspan="3"&gt;&lt;a href="browser/screenshot/robotframework-browser-screenshot-28.png" target="_blank"&gt;&lt;img src="browser/screenshot/robotframework-browser-screenshot-28.png" width="800px"/&gt;&lt;/a&gt;</msg>
<tag>PageContent</tag>
<doc>Takes a screenshot of the current window or element and saves it to disk.</doc>
<status status="PASS" start="2024-11-04T17:47:02.880805" elapsed="0.083646"/>
</kw>
<doc>Given que o usuário está na página de login
And insere somente o email correto
When o usuário clica em "Entrar"
Then o usuário não é logado no sistema</doc>
<status status="PASS" start="2024-11-04T17:47:01.206831" elapsed="1.758667"/>
</test>
<test id="s1-s2-t6" name="Tentar realizar login com senha incorreta" line="61">
<kw name="Start session" owner="base" type="SETUP">
<kw name="New Browser" owner="Browser">
<msg time="2024-11-04T17:47:03.011312" level="INFO">Switching browser to browser=090f8260-8f14-468d-bbec-6ca303aa0f9b</msg>
<msg time="2024-11-04T17:47:03.013422" level="INFO">Successfully changed active browser: browser=090f8260-8f14-468d-bbec-6ca303aa0f9b</msg>
<msg time="2024-11-04T17:47:03.013422" level="INFO">Reusing existing browser with id: browser=090f8260-8f14-468d-bbec-6ca303aa0f9b</msg>
<arg>browser=${BROWSER}</arg>
<arg>headless=${IS_HEADLESS}</arg>
<tag>BrowserControl</tag>
<tag>Setter</tag>
<doc>Create a new playwright Browser with specified options.</doc>
<status status="PASS" start="2024-11-04T17:47:03.010304" elapsed="0.003118"/>
</kw>
<kw name="New Page" owner="Browser">
<msg time="2024-11-04T17:47:03.709247" level="INFO">Successfully initialized new page object and opened url: https://growth-station-client-git-junk-teste-qa-growthmachine.vercel.app/login</msg>
<msg time="2024-11-04T17:47:03.709247" level="INFO">No context was open. New context was automatically opened when this page is created.</msg>
<arg>${BASE_URL}</arg>
<tag>BrowserControl</tag>
<tag>Setter</tag>
<doc>Open a new Page.</doc>
<status status="PASS" start="2024-11-04T17:47:03.014313" elapsed="0.695935"/>
</kw>
<doc>Abre o navegador e vai para o endereço indicado</doc>
<status status="PASS" start="2024-11-04T17:47:03.010304" elapsed="0.699944"/>
</kw>
<kw name="Enviar formulário de login" owner="LoginPage">
<kw name="Fill Text" owner="Browser">
<msg time="2024-11-04T17:47:03.711246" level="INFO">Fills the text 'alan_nichols_717@growthmachine.com.br' in the given field.</msg>
<arg>${LOGIN_PAGE_INPUT_EMAIL}</arg>
<arg>${email}</arg>
<tag>PageContent</tag>
<tag>Setter</tag>
<doc>Clears and fills the given ``txt`` into the text field found by ``selector``.</doc>
<status status="PASS" start="2024-11-04T17:47:03.711246" elapsed="0.042571"/>
</kw>
<kw name="Fill Text" owner="Browser">
<msg time="2024-11-04T17:47:03.754814" level="INFO">Fills the text 'liedson.teste' in the given field.</msg>
<arg>${LOGIN_PAGE_INPUT_SENHA}</arg>
<arg>${password}</arg>
<tag>PageContent</tag>
<tag>Setter</tag>
<doc>Clears and fills the given ``txt`` into the text field found by ``selector``.</doc>
<status status="PASS" start="2024-11-04T17:47:03.754814" elapsed="0.020348"/>
</kw>
<kw name="Click" owner="Browser">
<msg time="2024-11-04T17:47:03.775162" level="INFO">Clicks the element 'xpath=//button[contains(.,'Entrar')]'.</msg>
<arg>${LOGIN_PAGE_BUTTON_ENTRAR}</arg>
<tag>PageContent</tag>
<tag>Setter</tag>
<doc>Simulates mouse click on the element found by ``selector``.</doc>
<status status="PASS" start="2024-11-04T17:47:03.775162" elapsed="0.065915"/>
</kw>
<arg>password=liedson.teste</arg>
<doc>Preenche o email, a senha e faz login</doc>
<status status="PASS" start="2024-11-04T17:47:03.710248" elapsed="0.130829"/>
</kw>
<kw name="Exibir mensagem de erro no login" owner="LoginPage">
<kw name="Wait For Elements State" owner="Browser">
<msg time="2024-11-04T17:47:04.688699" level="INFO">Waited for Element with selector //span[contains(.,'*E-mail ou senha inválidos')] at state visible</msg>
<arg>//span[contains(.,'${text}')]</arg>
<arg>visible</arg>
<tag>PageContent</tag>
<tag>Wait</tag>
<doc>Waits for the element found by ``selector`` to satisfy state option.</doc>
<status status="PASS" start="2024-11-04T17:47:03.842077" elapsed="0.846622"/>
</kw>
<arg>*E-mail ou senha inválidos</arg>
<doc>Garante a exibição da mensagem de erro de login</doc>
<status status="PASS" start="2024-11-04T17:47:03.842077" elapsed="0.846622"/>
</kw>
<kw name="Take Screenshot" owner="Browser" type="TEARDOWN">
<msg time="2024-11-04T17:47:04.778655" level="INFO" html="true">&lt;/td&gt;&lt;/tr&gt;&lt;tr&gt;&lt;td colspan="3"&gt;&lt;a href="browser/screenshot/robotframework-browser-screenshot-29.png" target="_blank"&gt;&lt;img src="browser/screenshot/robotframework-browser-screenshot-29.png" width="800px"/&gt;&lt;/a&gt;</msg>
<tag>PageContent</tag>
<doc>Takes a screenshot of the current window or element and saves it to disk.</doc>
<status status="PASS" start="2024-11-04T17:47:04.689690" elapsed="0.088965"/>
</kw>
<doc>Given que o usuário está na página de login
And insere uma senha incorreta
When o usuário clica em "Entrar"
Then o usuário não é logado no sistema</doc>
<status status="PASS" start="2024-11-04T17:47:03.005267" elapsed="1.774292"/>
</test>
<test id="s1-s2-t7" name="Realizar logout" line="71">
<kw name="Start session" owner="base" type="SETUP">
<kw name="New Browser" owner="Browser">
<msg time="2024-11-04T17:47:04.827714" level="INFO">Switching browser to browser=090f8260-8f14-468d-bbec-6ca303aa0f9b</msg>
<msg time="2024-11-04T17:47:04.829712" level="INFO">Successfully changed active browser: browser=090f8260-8f14-468d-bbec-6ca303aa0f9b</msg>
<msg time="2024-11-04T17:47:04.829712" level="INFO">Reusing existing browser with id: browser=090f8260-8f14-468d-bbec-6ca303aa0f9b</msg>
<arg>browser=${BROWSER}</arg>
<arg>headless=${IS_HEADLESS}</arg>
<tag>BrowserControl</tag>
<tag>Setter</tag>
<doc>Create a new playwright Browser with specified options.</doc>
<status status="PASS" start="2024-11-04T17:47:04.826716" elapsed="0.002996"/>
</kw>
<kw name="New Page" owner="Browser">
<msg time="2024-11-04T17:47:05.571858" level="INFO">Successfully initialized new page object and opened url: https://growth-station-client-git-junk-teste-qa-growthmachine.vercel.app/login</msg>
<msg time="2024-11-04T17:47:05.571858" level="INFO">No context was open. New context was automatically opened when this page is created.</msg>
<arg>${BASE_URL}</arg>
<tag>BrowserControl</tag>
<tag>Setter</tag>
<doc>Open a new Page.</doc>
<status status="PASS" start="2024-11-04T17:47:04.829712" elapsed="0.742146"/>
</kw>
<doc>Abre o navegador e vai para o endereço indicado</doc>
<status status="PASS" start="2024-11-04T17:47:04.826716" elapsed="0.745142"/>
</kw>
<kw name="Enviar formulário de login" owner="LoginPage">
<kw name="Fill Text" owner="Browser">
<msg time="2024-11-04T17:47:05.573844" level="INFO">Fills the text 'alan_nichols_717@growthmachine.com.br' in the given field.</msg>
<arg>${LOGIN_PAGE_INPUT_EMAIL}</arg>
<arg>${email}</arg>
<tag>PageContent</tag>
<tag>Setter</tag>
<doc>Clears and fills the given ``txt`` into the text field found by ``selector``.</doc>
<status status="PASS" start="2024-11-04T17:47:05.572841" elapsed="0.044636"/>
</kw>
<kw name="Fill Text" owner="Browser">
<msg time="2024-11-04T17:47:05.617477" level="INFO">Fills the text 'senha123' in the given field.</msg>
<arg>${LOGIN_PAGE_INPUT_SENHA}</arg>
<arg>${password}</arg>
<tag>PageContent</tag>
<tag>Setter</tag>
<doc>Clears and fills the given ``txt`` into the text field found by ``selector``.</doc>
<status status="PASS" start="2024-11-04T17:47:05.617477" elapsed="0.024310"/>
</kw>
<kw name="Click" owner="Browser">
<msg time="2024-11-04T17:47:05.642891" level="INFO">Clicks the element 'xpath=//button[contains(.,'Entrar')]'.</msg>
<arg>${LOGIN_PAGE_BUTTON_ENTRAR}</arg>
<tag>PageContent</tag>
<tag>Setter</tag>
<doc>Simulates mouse click on the element found by ``selector``.</doc>
<status status="PASS" start="2024-11-04T17:47:05.641787" elapsed="0.066084"/>
</kw>
<doc>Preenche o email, a senha e faz login</doc>
<status status="PASS" start="2024-11-04T17:47:05.572841" elapsed="0.135030"/>
</kw>
<kw name="Fazer logout" owner="LoginPage">
<kw name="Click" owner="Browser">
<msg time="2024-11-04T17:47:05.709966" level="INFO">Clicks the element 'xpath=//button[contains(.,'UT')]'.</msg>
<arg>xpath=//button[contains(.,'UT')]</arg>
<tag>PageContent</tag>
<tag>Setter</tag>
<doc>Simulates mouse click on the element found by ``selector``.</doc>
<status status="PASS" start="2024-11-04T17:47:05.708947" elapsed="1.437871"/>
</kw>
<kw name="Click" owner="Browser">
<msg time="2024-11-04T17:47:07.146818" level="INFO">Clicks the element 'xpath=//a[contains(.,'Sair')]'.</msg>
<arg>xpath=//a[contains(.,'Sair')]</arg>
<tag>PageContent</tag>
<tag>Setter</tag>
<doc>Simulates mouse click on the element found by ``selector``.</doc>
<status status="PASS" start="2024-11-04T17:47:07.146818" elapsed="0.289270"/>
</kw>
<doc>Faz logout</doc>
<status status="PASS" start="2024-11-04T17:47:05.708947" elapsed="1.727141"/>
</kw>
<kw name="Get Title" owner="Browser">
<msg time="2024-11-04T17:47:07.440831" level="INFO">Title: 'Login - Growth Station'</msg>
<arg>equal</arg>
<arg>Login - Growth Station</arg>
<tag>Assertion</tag>
<tag>Getter</tag>
<tag>PageContent</tag>
<doc>Returns the title of the current page.</doc>
<status status="PASS" start="2024-11-04T17:47:07.437151" elapsed="0.003680"/>
</kw>
<kw name="Take Screenshot" owner="Browser" type="TEARDOWN">
<msg time="2024-11-04T17:47:07.533911" level="INFO" html="true">&lt;/td&gt;&lt;/tr&gt;&lt;tr&gt;&lt;td colspan="3"&gt;&lt;a href="browser/screenshot/robotframework-browser-screenshot-30.png" target="_blank"&gt;&lt;img src="browser/screenshot/robotframework-browser-screenshot-30.png" width="800px"/&gt;&lt;/a&gt;</msg>
<tag>PageContent</tag>
<doc>Takes a screenshot of the current window or element and saves it to disk.</doc>
<status status="PASS" start="2024-11-04T17:47:07.441938" elapsed="0.091973"/>
</kw>
<doc>Given que o usuário está na home page
When o usuário realiza o logout
Then o usuário é redirecionado para a página de login</doc>
<status status="PASS" start="2024-11-04T17:47:04.823717" elapsed="2.711191"/>
</test>
<doc>Cenários de teste de login</doc>
<status status="PASS" start="2024-11-04T17:46:52.883604" elapsed="14.691337"/>
</suite>
<status status="PASS" start="2024-11-04T17:44:51.973832" elapsed="135.607138"/>
</suite>
<statistics>
<total>
<stat pass="30" fail="0" skip="0">All Tests</stat>
</total>
<tag>
</tag>
<suite>
<stat pass="30" fail="0" skip="0" id="s1" name="Tests">Tests</stat>
<stat pass="23" fail="0" skip="0" id="s1-s1" name="Atividade Specs">Tests.Atividade Specs</stat>
<stat pass="7" fail="0" skip="0" id="s1-s2" name="Login Specs">Tests.Login Specs</stat>
</suite>
</statistics>
<errors>
</errors>
</robot>
